#
# There is insufficient memory for the Java Runtime Environment to continue.
# Native memory allocation (malloc) failed to allocate 1145456 bytes for Chunk::new
# Possible reasons:
#   The system is out of physical RAM or swap space
#   The process is running with CompressedOops enabled, and the Java Heap may be blocking the growth of the native heap
# Possible solutions:
#   Reduce memory load on the system
#   Increase physical memory or swap space
#   Check if swap backing store is full
#   Decrease Java heap size (-Xmx/-Xms)
#   Decrease number of Java threads
#   Decrease Java thread stack sizes (-Xss)
#   Set larger code cache with -XX:ReservedCodeCacheSize=
#   JVM is running with Unscaled Compressed Oops mode in which the Java heap is
#     placed in the first 4GB address space. The Java Heap base address is the
#     maximum limit for the native heap growth. Please use -XX:HeapBaseMinAddress
#     to set the Java Heap base and to place the Java Heap above 4GB virtual address.
# This output file may be truncated or incomplete.
#
#  Out of Memory Error (./open/src/hotspot/share/memory/arena.cpp:197), pid=16392, tid=23708
#
# JRE version: Java(TM) SE Runtime Environment 18.9 (11.0.21+9) (build 11.0.21+9-LTS-193)
# Java VM: Java HotSpot(TM) 64-Bit Server VM 18.9 (11.0.21+9-LTS-193, mixed mode, tiered, compressed oops, g1 gc, windows-amd64)
# No core dump will be written. Minidumps are not enabled by default on client versions of Windows
#

---------------  S U M M A R Y ------------

Command Line: -ea -Dfile.encoding=UTF-8 -Dstdout.encoding=UTF-8 -Dstderr.encoding=UTF-8 org.eclipse.jdt.internal.junit.runner.RemoteTestRunner -version 3 -port 56515 -testLoaderClass org.eclipse.jdt.internal.junit5.runner.JUnit5TestLoader -loaderpluginname org.eclipse.jdt.junit5.runtime -classNames com.adactin.runner.Runner

Host: Intel(R) Core(TM) i5-8265U CPU @ 1.60GHz, 8 cores, 7G,  Windows 11 , 64 bit Build 22621 (10.0.22621.3374)
Time: Tue May 14 11:57:18 2024 India Standard Time elapsed time: 2.923814 seconds (0d 0h 0m 2s)

---------------  T H R E A D  ---------------

Current thread (0x000001e9fc603000):  JavaThread "C2 CompilerThread0" daemon [_thread_in_native, id=23708, stack(0x0000007680200000,0x0000007680300000)]


Current CompileTask:
C2:   2923 2007       4       java.time.zone.Ser::readOffset (34 bytes)

Stack: [0x0000007680200000,0x0000007680300000]
Native frames: (J=compiled Java code, j=interpreted, Vv=VM code, C=native code)
V  [jvm.dll+0x66058a]
V  [jvm.dll+0x7a362f]
V  [jvm.dll+0x7a4cf9]
V  [jvm.dll+0x7a5393]
V  [jvm.dll+0x258f55]
V  [jvm.dll+0xb2a0c]
V  [jvm.dll+0xb2fcc]
V  [jvm.dll+0x2ca682]
V  [jvm.dll+0x56f76c]
V  [jvm.dll+0x21aae1]
V  [jvm.dll+0x2142c5]
V  [jvm.dll+0x210af4]
V  [jvm.dll+0x18cdb1]
V  [jvm.dll+0x220e99]
V  [jvm.dll+0x21f1bc]
V  [jvm.dll+0x7673c1]
V  [jvm.dll+0x75fc44]
V  [jvm.dll+0x65f435]
C  [ucrtbase.dll+0x29333]
C  [KERNEL32.DLL+0x1257d]
C  [ntdll.dll+0x5aa48]


---------------  P R O C E S S  ---------------

Threads class SMR info:
_java_thread_list=0x000001e9fd802f50, length=13, elements={
0x000001e9ecd51800, 0x000001e9fbc7c800, 0x000001e9fbc7d000, 0x000001e9fc5f6800,
0x000001e9fc5f7000, 0x000001e9fc5f8000, 0x000001e9fc603000, 0x000001e9fc608800,
0x000001e9fc60a000, 0x000001e9fc768800, 0x000001e9fc9a6000, 0x000001e9fd760000,
0x000001e9fda56800
}

Java Threads: ( => current thread )
  0x000001e9ecd51800 JavaThread "main" [_thread_in_Java, id=9032, stack(0x00000076ff600000,0x00000076ff700000)]
  0x000001e9fbc7c800 JavaThread "Reference Handler" daemon [_thread_blocked, id=24040, stack(0x00000076ffd00000,0x00000076ffe00000)]
  0x000001e9fbc7d000 JavaThread "Finalizer" daemon [_thread_blocked, id=19788, stack(0x00000076ffe00000,0x00000076fff00000)]
  0x000001e9fc5f6800 JavaThread "Signal Dispatcher" daemon [_thread_blocked, id=13984, stack(0x00000076fff00000,0x0000007700000000)]
  0x000001e9fc5f7000 JavaThread "Attach Listener" daemon [_thread_blocked, id=16664, stack(0x0000007680000000,0x0000007680100000)]
  0x000001e9fc5f8000 JavaThread "Service Thread" daemon [_thread_blocked, id=19220, stack(0x0000007680100000,0x0000007680200000)]
=>0x000001e9fc603000 JavaThread "C2 CompilerThread0" daemon [_thread_in_native, id=23708, stack(0x0000007680200000,0x0000007680300000)]
  0x000001e9fc608800 JavaThread "C1 CompilerThread0" daemon [_thread_blocked, id=8252, stack(0x0000007680300000,0x0000007680400000)]
  0x000001e9fc60a000 JavaThread "Sweeper thread" daemon [_thread_blocked, id=11844, stack(0x0000007680400000,0x0000007680500000)]
  0x000001e9fc768800 JavaThread "Common-Cleaner" daemon [_thread_blocked, id=24976, stack(0x0000007680600000,0x0000007680700000)]
  0x000001e9fc9a6000 JavaThread "ReaderThread" [_thread_in_native, id=17364, stack(0x0000007680700000,0x0000007680800000)]
  0x000001e9fd760000 JavaThread "C2 CompilerThread1" daemon [_thread_in_native, id=3560, stack(0x0000007680800000,0x0000007680900000)]
  0x000001e9fda56800 JavaThread "C2 CompilerThread2" daemon [_thread_in_native, id=13296, stack(0x0000007680d00000,0x0000007680e00000)]

Other Threads:
  0x000001e9fbc46000 VMThread "VM Thread" [stack: 0x00000076ffc00000,0x00000076ffd00000] [id=13456]
  0x000001e9fc76c800 WatcherThread [stack: 0x0000007680500000,0x0000007680600000] [id=10828]
  0x000001e9ecd66000 GCTaskThread "GC Thread#0" [stack: 0x00000076ff700000,0x00000076ff800000] [id=6296]
  0x000001e9fd0f1000 GCTaskThread "GC Thread#1" [stack: 0x0000007680900000,0x0000007680a00000] [id=7880]
  0x000001e9fd0f2000 GCTaskThread "GC Thread#2" [stack: 0x0000007680a00000,0x0000007680b00000] [id=6620]
  0x000001e9fd64b000 GCTaskThread "GC Thread#3" [stack: 0x0000007680b00000,0x0000007680c00000] [id=23172]
  0x000001e9ecd96000 ConcurrentGCThread "G1 Main Marker" [stack: 0x00000076ff800000,0x00000076ff900000] [id=15224]
  0x000001e9ecd97800 ConcurrentGCThread "G1 Conc#0" [stack: 0x00000076ff900000,0x00000076ffa00000] [id=8140]
  0x000001e9fd940800 ConcurrentGCThread "G1 Conc#1" [stack: 0x0000007680c00000,0x0000007680d00000] [id=12300]
  0x000001e9ece0d800 ConcurrentGCThread "G1 Refine#0" [stack: 0x00000076ffa00000,0x00000076ffb00000] [id=18480]
  0x000001e9fbab0800 ConcurrentGCThread "G1 Young RemSet Sampling" [stack: 0x00000076ffb00000,0x00000076ffc00000] [id=22916]

Threads with active compile tasks:
C2 CompilerThread0     2951 2007       4       java.time.zone.Ser::readOffset (34 bytes)
C2 CompilerThread1     2951 1993       4       java.time.ZoneOffset::ofTotalSeconds (110 bytes)
C2 CompilerThread2     2951 2135       4       java.lang.StringLatin1::compareTo (52 bytes)

VM state:not at safepoint (normal execution)

VM Mutex/Monitor currently owned by a thread:  ([mutex/lock_event])
[0x000001e9ecd4e9e0] SymbolTable_lock - owner thread: 0x0000000000000000

Heap address: 0x0000000082400000, size: 2012 MB, Compressed Oops mode: 32-bit
Narrow klass base: 0x0000000000000000, Narrow klass shift: 3
Compressed class space size: 1073741824 Address: 0x0000000100000000

Heap:
 garbage-first heap   total 129024K, used 34767K [0x0000000082400000, 0x0000000100000000)
  region size 1024K, 28 young (28672K), 3 survivors (3072K)
 Metaspace       used 22177K, capacity 22781K, committed 23088K, reserved 1069056K
  class space    used 2308K, capacity 2572K, committed 2688K, reserved 1048576K
Heap Regions: E=young(eden), S=young(survivor), O=old, HS=humongous(starts), HC=humongous(continues), CS=collection set, F=free, A=archive, TAMS=top-at-mark-start (previous, next)
|   0|0x0000000082400000, 0x0000000082500000, 0x0000000082500000|100%|HS|  |TAMS 0x0000000082500000, 0x0000000082400000| Complete 
|   1|0x0000000082500000, 0x0000000082600000, 0x0000000082600000|100%| O|  |TAMS 0x0000000082600000, 0x0000000082500000| Untracked 
|   2|0x0000000082600000, 0x0000000082700000, 0x0000000082700000|100%| O|  |TAMS 0x0000000082700000, 0x0000000082600000| Untracked 
|   3|0x0000000082700000, 0x0000000082800000, 0x0000000082800000|100%| O|  |TAMS 0x0000000082800000, 0x0000000082700000| Untracked 
|   4|0x0000000082800000, 0x0000000082900000, 0x0000000082900000|100%| O|  |TAMS 0x0000000082900000, 0x0000000082800000| Untracked 
|   5|0x0000000082900000, 0x0000000082a00000, 0x0000000082a00000|100%| O|  |TAMS 0x0000000082a00000, 0x0000000082900000| Untracked 
|   6|0x0000000082a00000, 0x0000000082b00000, 0x0000000082b00000|100%| O|  |TAMS 0x0000000082b00000, 0x0000000082a00000| Untracked 
|   7|0x0000000082b00000, 0x0000000082b7dc00, 0x0000000082c00000| 49%| O|  |TAMS 0x0000000082b7dc00, 0x0000000082b00000| Untracked 
|   8|0x0000000082c00000, 0x0000000082c00000, 0x0000000082d00000|  0%| F|  |TAMS 0x0000000082c00000, 0x0000000082c00000| Untracked 
|   9|0x0000000082d00000, 0x0000000082d00000, 0x0000000082e00000|  0%| F|  |TAMS 0x0000000082d00000, 0x0000000082d00000| Untracked 
|  10|0x0000000082e00000, 0x0000000082e00000, 0x0000000082f00000|  0%| F|  |TAMS 0x0000000082e00000, 0x0000000082e00000| Untracked 
|  11|0x0000000082f00000, 0x0000000082f00000, 0x0000000083000000|  0%| F|  |TAMS 0x0000000082f00000, 0x0000000082f00000| Untracked 
|  12|0x0000000083000000, 0x0000000083000000, 0x0000000083100000|  0%| F|  |TAMS 0x0000000083000000, 0x0000000083000000| Untracked 
|  13|0x0000000083100000, 0x0000000083100000, 0x0000000083200000|  0%| F|  |TAMS 0x0000000083100000, 0x0000000083100000| Untracked 
|  14|0x0000000083200000, 0x0000000083200000, 0x0000000083300000|  0%| F|  |TAMS 0x0000000083200000, 0x0000000083200000| Untracked 
|  15|0x0000000083300000, 0x0000000083300000, 0x0000000083400000|  0%| F|  |TAMS 0x0000000083300000, 0x0000000083300000| Untracked 
|  16|0x0000000083400000, 0x0000000083400000, 0x0000000083500000|  0%| F|  |TAMS 0x0000000083400000, 0x0000000083400000| Untracked 
|  17|0x0000000083500000, 0x0000000083500000, 0x0000000083600000|  0%| F|  |TAMS 0x0000000083500000, 0x0000000083500000| Untracked 
|  18|0x0000000083600000, 0x0000000083600000, 0x0000000083700000|  0%| F|  |TAMS 0x0000000083600000, 0x0000000083600000| Untracked 
|  19|0x0000000083700000, 0x0000000083700000, 0x0000000083800000|  0%| F|  |TAMS 0x0000000083700000, 0x0000000083700000| Untracked 
|  20|0x0000000083800000, 0x0000000083800000, 0x0000000083900000|  0%| F|  |TAMS 0x0000000083800000, 0x0000000083800000| Untracked 
|  21|0x0000000083900000, 0x0000000083900000, 0x0000000083a00000|  0%| F|  |TAMS 0x0000000083900000, 0x0000000083900000| Untracked 
|  22|0x0000000083a00000, 0x0000000083a00000, 0x0000000083b00000|  0%| F|  |TAMS 0x0000000083a00000, 0x0000000083a00000| Untracked 
|  23|0x0000000083b00000, 0x0000000083b00000, 0x0000000083c00000|  0%| F|  |TAMS 0x0000000083b00000, 0x0000000083b00000| Untracked 
|  24|0x0000000083c00000, 0x0000000083c00000, 0x0000000083d00000|  0%| F|  |TAMS 0x0000000083c00000, 0x0000000083c00000| Untracked 
|  25|0x0000000083d00000, 0x0000000083d00000, 0x0000000083e00000|  0%| F|  |TAMS 0x0000000083d00000, 0x0000000083d00000| Untracked 
|  26|0x0000000083e00000, 0x0000000083e00000, 0x0000000083f00000|  0%| F|  |TAMS 0x0000000083e00000, 0x0000000083e00000| Untracked 
|  27|0x0000000083f00000, 0x0000000083f00000, 0x0000000084000000|  0%| F|  |TAMS 0x0000000083f00000, 0x0000000083f00000| Untracked 
|  28|0x0000000084000000, 0x0000000084000000, 0x0000000084100000|  0%| F|  |TAMS 0x0000000084000000, 0x0000000084000000| Untracked 
|  29|0x0000000084100000, 0x0000000084100000, 0x0000000084200000|  0%| F|  |TAMS 0x0000000084100000, 0x0000000084100000| Untracked 
|  30|0x0000000084200000, 0x0000000084200000, 0x0000000084300000|  0%| F|  |TAMS 0x0000000084200000, 0x0000000084200000| Untracked 
|  31|0x0000000084300000, 0x0000000084300000, 0x0000000084400000|  0%| F|  |TAMS 0x0000000084300000, 0x0000000084300000| Untracked 
|  32|0x0000000084400000, 0x0000000084400000, 0x0000000084500000|  0%| F|  |TAMS 0x0000000084400000, 0x0000000084400000| Untracked 
|  33|0x0000000084500000, 0x0000000084500000, 0x0000000084600000|  0%| F|  |TAMS 0x0000000084500000, 0x0000000084500000| Untracked 
|  34|0x0000000084600000, 0x0000000084600000, 0x0000000084700000|  0%| F|  |TAMS 0x0000000084600000, 0x0000000084600000| Untracked 
|  35|0x0000000084700000, 0x0000000084700000, 0x0000000084800000|  0%| F|  |TAMS 0x0000000084700000, 0x0000000084700000| Untracked 
|  36|0x0000000084800000, 0x0000000084800000, 0x0000000084900000|  0%| F|  |TAMS 0x0000000084800000, 0x0000000084800000| Untracked 
|  37|0x0000000084900000, 0x0000000084900000, 0x0000000084a00000|  0%| F|  |TAMS 0x0000000084900000, 0x0000000084900000| Untracked 
|  38|0x0000000084a00000, 0x0000000084a00000, 0x0000000084b00000|  0%| F|  |TAMS 0x0000000084a00000, 0x0000000084a00000| Untracked 
|  39|0x0000000084b00000, 0x0000000084b00000, 0x0000000084c00000|  0%| F|  |TAMS 0x0000000084b00000, 0x0000000084b00000| Untracked 
|  40|0x0000000084c00000, 0x0000000084c00000, 0x0000000084d00000|  0%| F|  |TAMS 0x0000000084c00000, 0x0000000084c00000| Untracked 
|  41|0x0000000084d00000, 0x0000000084d00000, 0x0000000084e00000|  0%| F|  |TAMS 0x0000000084d00000, 0x0000000084d00000| Untracked 
|  42|0x0000000084e00000, 0x0000000084e00000, 0x0000000084f00000|  0%| F|  |TAMS 0x0000000084e00000, 0x0000000084e00000| Untracked 
|  43|0x0000000084f00000, 0x0000000084f00000, 0x0000000085000000|  0%| F|  |TAMS 0x0000000084f00000, 0x0000000084f00000| Untracked 
|  44|0x0000000085000000, 0x0000000085000000, 0x0000000085100000|  0%| F|  |TAMS 0x0000000085000000, 0x0000000085000000| Untracked 
|  45|0x0000000085100000, 0x0000000085100000, 0x0000000085200000|  0%| F|  |TAMS 0x0000000085100000, 0x0000000085100000| Untracked 
|  46|0x0000000085200000, 0x0000000085200000, 0x0000000085300000|  0%| F|  |TAMS 0x0000000085200000, 0x0000000085200000| Untracked 
|  47|0x0000000085300000, 0x0000000085300000, 0x0000000085400000|  0%| F|  |TAMS 0x0000000085300000, 0x0000000085300000| Untracked 
|  48|0x0000000085400000, 0x0000000085400000, 0x0000000085500000|  0%| F|  |TAMS 0x0000000085400000, 0x0000000085400000| Untracked 
|  49|0x0000000085500000, 0x0000000085500000, 0x0000000085600000|  0%| F|  |TAMS 0x0000000085500000, 0x0000000085500000| Untracked 
|  50|0x0000000085600000, 0x0000000085600000, 0x0000000085700000|  0%| F|  |TAMS 0x0000000085600000, 0x0000000085600000| Untracked 
|  51|0x0000000085700000, 0x0000000085700000, 0x0000000085800000|  0%| F|  |TAMS 0x0000000085700000, 0x0000000085700000| Untracked 
|  52|0x0000000085800000, 0x0000000085800000, 0x0000000085900000|  0%| F|  |TAMS 0x0000000085800000, 0x0000000085800000| Untracked 
|  53|0x0000000085900000, 0x0000000085900000, 0x0000000085a00000|  0%| F|  |TAMS 0x0000000085900000, 0x0000000085900000| Untracked 
|  54|0x0000000085a00000, 0x0000000085a00000, 0x0000000085b00000|  0%| F|  |TAMS 0x0000000085a00000, 0x0000000085a00000| Untracked 
|  55|0x0000000085b00000, 0x0000000085b00000, 0x0000000085c00000|  0%| F|  |TAMS 0x0000000085b00000, 0x0000000085b00000| Untracked 
|  56|0x0000000085c00000, 0x0000000085c00000, 0x0000000085d00000|  0%| F|  |TAMS 0x0000000085c00000, 0x0000000085c00000| Untracked 
|  57|0x0000000085d00000, 0x0000000085d00000, 0x0000000085e00000|  0%| F|  |TAMS 0x0000000085d00000, 0x0000000085d00000| Untracked 
|  58|0x0000000085e00000, 0x0000000085e00000, 0x0000000085f00000|  0%| F|  |TAMS 0x0000000085e00000, 0x0000000085e00000| Untracked 
|  59|0x0000000085f00000, 0x0000000085f00000, 0x0000000086000000|  0%| F|  |TAMS 0x0000000085f00000, 0x0000000085f00000| Untracked 
|  60|0x0000000086000000, 0x0000000086000000, 0x0000000086100000|  0%| F|  |TAMS 0x0000000086000000, 0x0000000086000000| Untracked 
|  61|0x0000000086100000, 0x0000000086100000, 0x0000000086200000|  0%| F|  |TAMS 0x0000000086100000, 0x0000000086100000| Untracked 
|  62|0x0000000086200000, 0x0000000086200000, 0x0000000086300000|  0%| F|  |TAMS 0x0000000086200000, 0x0000000086200000| Untracked 
|  63|0x0000000086300000, 0x0000000086300000, 0x0000000086400000|  0%| F|  |TAMS 0x0000000086300000, 0x0000000086300000| Untracked 
|  64|0x0000000086400000, 0x0000000086400000, 0x0000000086500000|  0%| F|  |TAMS 0x0000000086400000, 0x0000000086400000| Untracked 
|  65|0x0000000086500000, 0x0000000086500000, 0x0000000086600000|  0%| F|  |TAMS 0x0000000086500000, 0x0000000086500000| Untracked 
|  66|0x0000000086600000, 0x0000000086600000, 0x0000000086700000|  0%| F|  |TAMS 0x0000000086600000, 0x0000000086600000| Untracked 
|  67|0x0000000086700000, 0x0000000086700000, 0x0000000086800000|  0%| F|  |TAMS 0x0000000086700000, 0x0000000086700000| Untracked 
|  68|0x0000000086800000, 0x0000000086800000, 0x0000000086900000|  0%| F|  |TAMS 0x0000000086800000, 0x0000000086800000| Untracked 
|  69|0x0000000086900000, 0x0000000086900000, 0x0000000086a00000|  0%| F|  |TAMS 0x0000000086900000, 0x0000000086900000| Untracked 
|  70|0x0000000086a00000, 0x0000000086a00000, 0x0000000086b00000|  0%| F|  |TAMS 0x0000000086a00000, 0x0000000086a00000| Untracked 
|  71|0x0000000086b00000, 0x0000000086b00000, 0x0000000086c00000|  0%| F|  |TAMS 0x0000000086b00000, 0x0000000086b00000| Untracked 
|  72|0x0000000086c00000, 0x0000000086c00000, 0x0000000086d00000|  0%| F|  |TAMS 0x0000000086c00000, 0x0000000086c00000| Untracked 
|  73|0x0000000086d00000, 0x0000000086d00000, 0x0000000086e00000|  0%| F|  |TAMS 0x0000000086d00000, 0x0000000086d00000| Untracked 
|  74|0x0000000086e00000, 0x0000000086e00000, 0x0000000086f00000|  0%| F|  |TAMS 0x0000000086e00000, 0x0000000086e00000| Untracked 
|  75|0x0000000086f00000, 0x0000000086f00000, 0x0000000087000000|  0%| F|  |TAMS 0x0000000086f00000, 0x0000000086f00000| Untracked 
|  76|0x0000000087000000, 0x0000000087000000, 0x0000000087100000|  0%| F|  |TAMS 0x0000000087000000, 0x0000000087000000| Untracked 
|  77|0x0000000087100000, 0x0000000087100000, 0x0000000087200000|  0%| F|  |TAMS 0x0000000087100000, 0x0000000087100000| Untracked 
|  78|0x0000000087200000, 0x0000000087200000, 0x0000000087300000|  0%| F|  |TAMS 0x0000000087200000, 0x0000000087200000| Untracked 
|  79|0x0000000087300000, 0x0000000087300000, 0x0000000087400000|  0%| F|  |TAMS 0x0000000087300000, 0x0000000087300000| Untracked 
|  80|0x0000000087400000, 0x0000000087400000, 0x0000000087500000|  0%| F|  |TAMS 0x0000000087400000, 0x0000000087400000| Untracked 
|  81|0x0000000087500000, 0x0000000087500000, 0x0000000087600000|  0%| F|  |TAMS 0x0000000087500000, 0x0000000087500000| Untracked 
|  82|0x0000000087600000, 0x0000000087600000, 0x0000000087700000|  0%| F|  |TAMS 0x0000000087600000, 0x0000000087600000| Untracked 
|  83|0x0000000087700000, 0x0000000087700000, 0x0000000087800000|  0%| F|  |TAMS 0x0000000087700000, 0x0000000087700000| Untracked 
|  84|0x0000000087800000, 0x0000000087800000, 0x0000000087900000|  0%| F|  |TAMS 0x0000000087800000, 0x0000000087800000| Untracked 
|  85|0x0000000087900000, 0x0000000087900000, 0x0000000087a00000|  0%| F|  |TAMS 0x0000000087900000, 0x0000000087900000| Untracked 
|  86|0x0000000087a00000, 0x0000000087a00000, 0x0000000087b00000|  0%| F|  |TAMS 0x0000000087a00000, 0x0000000087a00000| Untracked 
|  87|0x0000000087b00000, 0x0000000087b00000, 0x0000000087c00000|  0%| F|  |TAMS 0x0000000087b00000, 0x0000000087b00000| Untracked 
|  88|0x0000000087c00000, 0x0000000087c00000, 0x0000000087d00000|  0%| F|  |TAMS 0x0000000087c00000, 0x0000000087c00000| Untracked 
|  89|0x0000000087d00000, 0x0000000087d00000, 0x0000000087e00000|  0%| F|  |TAMS 0x0000000087d00000, 0x0000000087d00000| Untracked 
|  90|0x0000000087e00000, 0x0000000087e00000, 0x0000000087f00000|  0%| F|  |TAMS 0x0000000087e00000, 0x0000000087e00000| Untracked 
|  91|0x0000000087f00000, 0x0000000087f00000, 0x0000000088000000|  0%| F|  |TAMS 0x0000000087f00000, 0x0000000087f00000| Untracked 
|  92|0x0000000088000000, 0x0000000088000000, 0x0000000088100000|  0%| F|  |TAMS 0x0000000088000000, 0x0000000088000000| Untracked 
|  93|0x0000000088100000, 0x0000000088100000, 0x0000000088200000|  0%| F|  |TAMS 0x0000000088100000, 0x0000000088100000| Untracked 
|  94|0x0000000088200000, 0x0000000088200000, 0x0000000088300000|  0%| F|  |TAMS 0x0000000088200000, 0x0000000088200000| Untracked 
|  95|0x0000000088300000, 0x0000000088300000, 0x0000000088400000|  0%| F|  |TAMS 0x0000000088300000, 0x0000000088300000| Untracked 
|  96|0x0000000088400000, 0x0000000088400000, 0x0000000088500000|  0%| F|  |TAMS 0x0000000088400000, 0x0000000088400000| Untracked 
|  97|0x0000000088500000, 0x0000000088500000, 0x0000000088600000|  0%| F|  |TAMS 0x0000000088500000, 0x0000000088500000| Untracked 
|  98|0x0000000088600000, 0x0000000088700000, 0x0000000088700000|100%| E|  |TAMS 0x0000000088600000, 0x0000000088600000| Complete 
|  99|0x0000000088700000, 0x0000000088800000, 0x0000000088800000|100%| E|CS|TAMS 0x0000000088700000, 0x0000000088700000| Complete 
| 100|0x0000000088800000, 0x0000000088900000, 0x0000000088900000|100%| E|CS|TAMS 0x0000000088800000, 0x0000000088800000| Complete 
| 101|0x0000000088900000, 0x0000000088a00000, 0x0000000088a00000|100%| E|CS|TAMS 0x0000000088900000, 0x0000000088900000| Complete 
| 102|0x0000000088a00000, 0x0000000088b00000, 0x0000000088b00000|100%| E|CS|TAMS 0x0000000088a00000, 0x0000000088a00000| Complete 
| 103|0x0000000088b00000, 0x0000000088c00000, 0x0000000088c00000|100%| E|CS|TAMS 0x0000000088b00000, 0x0000000088b00000| Complete 
| 104|0x0000000088c00000, 0x0000000088d00000, 0x0000000088d00000|100%| E|CS|TAMS 0x0000000088c00000, 0x0000000088c00000| Complete 
| 105|0x0000000088d00000, 0x0000000088e00000, 0x0000000088e00000|100%| E|CS|TAMS 0x0000000088d00000, 0x0000000088d00000| Complete 
| 106|0x0000000088e00000, 0x0000000088f00000, 0x0000000088f00000|100%| E|CS|TAMS 0x0000000088e00000, 0x0000000088e00000| Complete 
| 107|0x0000000088f00000, 0x0000000089000000, 0x0000000089000000|100%| E|CS|TAMS 0x0000000088f00000, 0x0000000088f00000| Complete 
| 108|0x0000000089000000, 0x0000000089076140, 0x0000000089100000| 46%| S|CS|TAMS 0x0000000089000000, 0x0000000089000000| Complete 
| 109|0x0000000089100000, 0x0000000089200000, 0x0000000089200000|100%| S|CS|TAMS 0x0000000089100000, 0x0000000089100000| Complete 
| 110|0x0000000089200000, 0x0000000089300000, 0x0000000089300000|100%| S|CS|TAMS 0x0000000089200000, 0x0000000089200000| Complete 
| 111|0x0000000089300000, 0x0000000089400000, 0x0000000089400000|100%| E|CS|TAMS 0x0000000089300000, 0x0000000089300000| Complete 
| 112|0x0000000089400000, 0x0000000089500000, 0x0000000089500000|100%| E|CS|TAMS 0x0000000089400000, 0x0000000089400000| Complete 
| 113|0x0000000089500000, 0x0000000089600000, 0x0000000089600000|100%| E|CS|TAMS 0x0000000089500000, 0x0000000089500000| Complete 
| 114|0x0000000089600000, 0x0000000089700000, 0x0000000089700000|100%| E|CS|TAMS 0x0000000089600000, 0x0000000089600000| Complete 
| 115|0x0000000089700000, 0x0000000089800000, 0x0000000089800000|100%| E|CS|TAMS 0x0000000089700000, 0x0000000089700000| Complete 
| 116|0x0000000089800000, 0x0000000089900000, 0x0000000089900000|100%| E|CS|TAMS 0x0000000089800000, 0x0000000089800000| Complete 
| 117|0x0000000089900000, 0x0000000089a00000, 0x0000000089a00000|100%| E|CS|TAMS 0x0000000089900000, 0x0000000089900000| Complete 
| 118|0x0000000089a00000, 0x0000000089b00000, 0x0000000089b00000|100%| E|CS|TAMS 0x0000000089a00000, 0x0000000089a00000| Complete 
| 119|0x0000000089b00000, 0x0000000089c00000, 0x0000000089c00000|100%| E|CS|TAMS 0x0000000089b00000, 0x0000000089b00000| Complete 
| 120|0x0000000089c00000, 0x0000000089d00000, 0x0000000089d00000|100%| E|CS|TAMS 0x0000000089c00000, 0x0000000089c00000| Complete 
| 121|0x0000000089d00000, 0x0000000089e00000, 0x0000000089e00000|100%| E|CS|TAMS 0x0000000089d00000, 0x0000000089d00000| Complete 
| 122|0x0000000089e00000, 0x0000000089f00000, 0x0000000089f00000|100%| E|CS|TAMS 0x0000000089e00000, 0x0000000089e00000| Complete 
| 123|0x0000000089f00000, 0x000000008a000000, 0x000000008a000000|100%| E|CS|TAMS 0x0000000089f00000, 0x0000000089f00000| Complete 
| 124|0x000000008a000000, 0x000000008a100000, 0x000000008a100000|100%| E|CS|TAMS 0x000000008a000000, 0x000000008a000000| Complete 
| 125|0x000000008a100000, 0x000000008a200000, 0x000000008a200000|100%| E|CS|TAMS 0x000000008a100000, 0x000000008a100000| Complete 

Card table byte_map: [0x000001e9f4b40000,0x000001e9f4f30000] _byte_map_base: 0x000001e9f472e000

Marking Bits (Prev, Next): (CMBitMap*) 0x000001e9ecd8d7e0, (CMBitMap*) 0x000001e9ecd8d7a8
 Prev Bits: [0x000001e9f7290000, 0x000001e9f9200000)
 Next Bits: [0x000001e9f5320000, 0x000001e9f7290000)

Polling page: 0x000001e9ec510000

Metaspace:

Usage:
  Non-class:     19.80 MB capacity,    19.42 MB ( 98%) used,   316.91 KB (  2%) free+waste,    65.75 KB ( <1%) overhead. 
      Class:      2.51 MB capacity,     2.26 MB ( 90%) used,   228.30 KB (  9%) free+waste,    33.38 KB (  1%) overhead. 
       Both:     22.31 MB capacity,    21.68 MB ( 97%) used,   545.21 KB (  2%) free+waste,    99.12 KB ( <1%) overhead. 

Virtual space:
  Non-class space:       20.00 MB reserved,      19.92 MB (>99%) committed 
      Class space:        1.00 GB reserved,       2.62 MB ( <1%) committed 
             Both:        1.02 GB reserved,      22.55 MB (  2%) committed 

Chunk freelists:
   Non-Class:  1.88 KB
       Class:  2.50 KB
        Both:  4.38 KB

CodeHeap 'non-profiled nmethods': size=120000Kb used=772Kb max_used=772Kb free=119227Kb
 bounds [0x000001e987ad0000, 0x000001e987d40000, 0x000001e98f000000]
CodeHeap 'profiled nmethods': size=120000Kb used=4625Kb max_used=4625Kb free=115374Kb
 bounds [0x000001e9805a0000, 0x000001e980a30000, 0x000001e987ad0000]
CodeHeap 'non-nmethods': size=5760Kb used=1119Kb max_used=1160Kb free=4640Kb
 bounds [0x000001e980000000, 0x000001e980270000, 0x000001e9805a0000]
 total_blobs=2612 nmethods=2162 adapters=362
 compilation: enabled
              stopped_count=0, restarted_count=0
 full_count=0

Compilation events (10 events):
Event: 2.915 Thread 0x000001e9fc608800 nmethod 2162 0x000001e980a0fa90 code [0x000001e980a0fc60, 0x000001e980a10178]
Event: 2.915 Thread 0x000001e9fc608800 2163       3       java.util.Formatter$FormatSpecifier::checkInteger (91 bytes)
Event: 2.916 Thread 0x000001e9fc608800 nmethod 2163 0x000001e980a10290 code [0x000001e980a104c0, 0x000001e980a10e28]
Event: 2.916 Thread 0x000001e9fc608800 2164       3       java.util.Formatter$FormatSpecifier::checkNumeric (168 bytes)
Event: 2.917 Thread 0x000001e9fc608800 nmethod 2164 0x000001e980a11010 code [0x000001e980a112c0, 0x000001e980a11ed8]
Event: 2.917 Thread 0x000001e9fc608800 2165       3       java.util.Formatter$FormatSpecifier::printInteger (131 bytes)
Event: 2.918 Thread 0x000001e9fc608800 nmethod 2165 0x000001e980a12310 code [0x000001e980a125a0, 0x000001e980a13488]
Event: 2.918 Thread 0x000001e9fc608800 2166       3       java.util.Formatter$FormatSpecifier::print (59 bytes)
Event: 2.919 Thread 0x000001e9fc608800 nmethod 2166 0x000001e980a13710 code [0x000001e980a138c0, 0x000001e980a13ac8]
Event: 2.919 Thread 0x000001e9fc608800 2167       3       java.util.Formatter$FormatSpecifier::print (408 bytes)

GC Heap History (6 events):
Event: 1.228 GC heap before
{Heap before GC invocations=0 (full 0):
 garbage-first heap   total 129024K, used 25600K [0x0000000082400000, 0x0000000100000000)
  region size 1024K, 24 young (24576K), 0 survivors (0K)
 Metaspace       used 13383K, capacity 13742K, committed 13824K, reserved 1060864K
  class space    used 1358K, capacity 1493K, committed 1536K, reserved 1048576K
}
Event: 1.236 GC heap after
{Heap after GC invocations=1 (full 0):
 garbage-first heap   total 129024K, used 7542K [0x0000000082400000, 0x0000000100000000)
  region size 1024K, 3 young (3072K), 3 survivors (3072K)
 Metaspace       used 13383K, capacity 13742K, committed 13824K, reserved 1060864K
  class space    used 1358K, capacity 1493K, committed 1536K, reserved 1048576K
}
Event: 2.052 GC heap before
{Heap before GC invocations=1 (full 0):
 garbage-first heap   total 129024K, used 29046K [0x0000000082400000, 0x0000000100000000)
  region size 1024K, 24 young (24576K), 3 survivors (3072K)
 Metaspace       used 17384K, capacity 17841K, committed 17920K, reserved 1064960K
  class space    used 1799K, capacity 1991K, committed 2048K, reserved 1048576K
}
Event: 2.058 GC heap after
{Heap after GC invocations=2 (full 0):
 garbage-first heap   total 129024K, used 8607K [0x0000000082400000, 0x0000000100000000)
  region size 1024K, 1 young (1024K), 1 survivors (1024K)
 Metaspace       used 17384K, capacity 17841K, committed 17920K, reserved 1064960K
  class space    used 1799K, capacity 1991K, committed 2048K, reserved 1048576K
}
Event: 2.476 GC heap before
{Heap before GC invocations=2 (full 0):
 garbage-first heap   total 129024K, used 22943K [0x0000000082400000, 0x0000000100000000)
  region size 1024K, 16 young (16384K), 1 survivors (1024K)
 Metaspace       used 20576K, capacity 21201K, committed 21296K, reserved 1069056K
  class space    used 2177K, capacity 2430K, committed 2432K, reserved 1048576K
}
Event: 2.480 GC heap after
{Heap after GC invocations=3 (full 0):
 garbage-first heap   total 129024K, used 10191K [0x0000000082400000, 0x0000000100000000)
  region size 1024K, 3 young (3072K), 3 survivors (3072K)
 Metaspace       used 20576K, capacity 21201K, committed 21296K, reserved 1069056K
  class space    used 2177K, capacity 2430K, committed 2432K, reserved 1048576K
}

Deoptimization events (10 events):
Event: 2.561 Thread 0x000001e9ecd51800 Uncommon trap: reason=unstable_if action=reinterpret pc=0x000001e987af9a28 method=java.lang.String.hashCode()I @ 22 c2
Event: 2.570 Thread 0x000001e9ecd51800 Uncommon trap: reason=unstable_if action=reinterpret pc=0x000001e987b60db8 method=java.util.concurrent.ConcurrentHashMap.transfer([Ljava/util/concurrent/ConcurrentHashMap$Node;[Ljava/util/concurrent/ConcurrentHashMap$Node;)V @ 352 c2
Event: 2.650 Thread 0x000001e9ecd51800 Uncommon trap: reason=unstable_if action=reinterpret pc=0x000001e987adbbd4 method=java.lang.StringLatin1.canEncode(I)Z @ 4 c2
Event: 2.650 Thread 0x000001e9ecd51800 Uncommon trap: reason=unstable_if action=reinterpret pc=0x000001e987addd38 method=java.lang.AbstractStringBuilder.isLatin1()Z @ 10 c2
Event: 2.662 Thread 0x000001e9ecd51800 Uncommon trap: reason=unstable_if action=reinterpret pc=0x000001e987b11e34 method=java.lang.CharacterDataLatin1.digit(II)I @ 7 c2
Event: 2.662 Thread 0x000001e9ecd51800 Uncommon trap: reason=unstable_if action=reinterpret pc=0x000001e987b11ab0 method=java.lang.CharacterDataLatin1.digit(II)I @ 7 c2
Event: 2.685 Thread 0x000001e9ecd51800 Uncommon trap: reason=unstable_if action=reinterpret pc=0x000001e987b70b88 method=java.util.concurrent.ConcurrentHashMap.putVal(Ljava/lang/Object;Ljava/lang/Object;Z)Ljava/lang/Object; @ 256 c2
Event: 2.685 Thread 0x000001e9ecd51800 Uncommon trap: reason=unstable_if action=reinterpret pc=0x000001e987afed24 method=java.lang.String.equals(Ljava/lang/Object;)Z @ 27 c2
Event: 2.838 Thread 0x000001e9ecd51800 Uncommon trap: reason=unstable_if action=reinterpret pc=0x000001e987b88bb4 method=java.time.LocalDate.ofEpochDay(J)Ljava/time/LocalDate; @ 108 c2
Event: 2.848 Thread 0x000001e9ecd51800 Uncommon trap: reason=unstable_if action=reinterpret pc=0x000001e987b8a3f4 method=java.time.LocalDate.ofEpochDay(J)Ljava/time/LocalDate; @ 108 c2

Classes redefined (0 events):
No events

Internal exceptions (10 events):
Event: 1.775 Thread 0x000001e9ecd51800 Exception <a 'java/lang/NoSuchMethodError'{0x00000000897a1218}: java.lang.invoke.DirectMethodHandle$Holder.invokeStaticInit(Ljava/lang/Object;Ljava/lang/Object;IIII)Ljava/lang/Object;> (0x00000000897a1218) thrown at [./open/src/hotspot/share/interpreter/l
Event: 1.900 Thread 0x000001e9ecd51800 Exception <a 'java/lang/NoSuchMethodError'{0x000000008917cf10}: java.lang.invoke.DelegatingMethodHandle$Holder.delegate(Ljava/lang/Object;Ljava/lang/Object;ILjava/lang/Object;)V> (0x000000008917cf10) thrown at [./open/src/hotspot/share/interpreter/linkRes
Event: 2.020 Thread 0x000001e9ecd51800 Exception <a 'java/lang/NoSuchMethodError'{0x0000000088d33740}: java.lang.invoke.DirectMethodHandle$Holder.invokeInterface(Ljava/lang/Object;Ljava/lang/Object;Ljava/lang/Object;Ljava/lang/Object;)V> (0x0000000088d33740) thrown at [./open/src/hotspot/share
Event: 2.021 Thread 0x000001e9ecd51800 Exception <a 'java/lang/IncompatibleClassChangeError'{0x0000000088d36500}: Found class java.lang.Object, but interface was expected> (0x0000000088d36500) thrown at [./open/src/hotspot/share/interpreter/linkResolver.cpp, line 838]
Event: 2.044 Thread 0x000001e9ecd51800 Exception <a 'java/lang/NoSuchMethodError'{0x0000000088dcc6b8}: java.lang.invoke.DirectMethodHandle$Holder.invokeStatic(Ljava/lang/Object;Ljava/lang/Object;Ljava/lang/Object;Ljava/lang/Object;Ljava/lang/Object;)I> (0x0000000088dcc6b8) thrown at [./open/sr
Event: 2.083 Thread 0x000001e9ecd51800 Exception <a 'java/lang/NoSuchMethodError'{0x000000008a005430}: java.lang.invoke.DirectMethodHandle$Holder.invokeStaticInit(Ljava/lang/Object;Ljava/lang/Object;Ljava/lang/Object;Ljava/lang/Object;)V> (0x000000008a005430) thrown at [./open/src/hotspot/shar
Event: 2.392 Thread 0x000001e9ecd51800 Exception <a 'sun/nio/fs/WindowsException'{0x00000000897b1768}> (0x00000000897b1768) thrown at [./open/src/hotspot/share/prims/jni.cpp, line 611]
Event: 2.404 Thread 0x000001e9ecd51800 Exception <a 'java/lang/NoSuchMethodError'{0x00000000897d95c0}: java.lang.invoke.DirectMethodHandle$Holder.invokeStaticInit(Ljava/lang/Object;Ljava/lang/Object;Ljava/lang/Object;Ljava/lang/Object;)I> (0x00000000897d95c0) thrown at [./open/src/hotspot/shar
Event: 2.405 Thread 0x000001e9ecd51800 Exception <a 'java/lang/IncompatibleClassChangeError'{0x00000000897e2328}: Found class java.lang.Object, but interface was expected> (0x00000000897e2328) thrown at [./open/src/hotspot/share/interpreter/linkResolver.cpp, line 838]
Event: 2.674 Thread 0x000001e9ecd51800 Exception <a 'java/lang/NoSuchMethodError'{0x0000000089ac8eb0}: java.lang.invoke.DirectMethodHandle$Holder.invokeStatic(Ljava/lang/Object;Ljava/lang/Object;Ljava/lang/Object;Ljava/lang/Object;Ljava/lang/Object;)V> (0x0000000089ac8eb0) thrown at [./open/sr

Events (10 events):
Event: 2.700 loading class java/time/chrono/Chronology
Event: 2.700 loading class java/time/chrono/Chronology done
Event: 2.701 loading class java/time/chrono/AbstractChronology done
Event: 2.701 loading class java/time/chrono/IsoChronology done
Event: 2.838 Thread 0x000001e9ecd51800 Uncommon trap: trap_request=0xffffff4d fr.pc=0x000001e987b88bb4 relative=0x0000000000000a54
Event: 2.839 Thread 0x000001e9ecd51800 DEOPT PACKING pc=0x000001e987b88bb4 sp=0x00000076ff6fce40
Event: 2.839 Thread 0x000001e9ecd51800 DEOPT UNPACKING pc=0x000001e9800265af sp=0x00000076ff6fccb8 mode 2
Event: 2.848 Thread 0x000001e9ecd51800 Uncommon trap: trap_request=0xffffff4d fr.pc=0x000001e987b8a3f4 relative=0x0000000000000714
Event: 2.848 Thread 0x000001e9ecd51800 DEOPT PACKING pc=0x000001e987b8a3f4 sp=0x00000076ff6fce10
Event: 2.848 Thread 0x000001e9ecd51800 DEOPT UNPACKING pc=0x000001e9800265af sp=0x00000076ff6fcca8 mode 2


Dynamic libraries:
0x00007ff758d50000 - 0x00007ff758d60000 	C:\Program Files\Java\jdk-11\bin\javaw.exe
0x00007fff08530000 - 0x00007fff08746000 	C:\WINDOWS\SYSTEM32\ntdll.dll
0x00007fff07ec0000 - 0x00007fff07f84000 	C:\WINDOWS\System32\KERNEL32.DLL
0x00007fff05eb0000 - 0x00007fff06257000 	C:\WINDOWS\System32\KERNELBASE.dll
0x00007fff05bf0000 - 0x00007fff05d01000 	C:\WINDOWS\System32\ucrtbase.dll
0x00007ffef0e30000 - 0x00007ffef0e49000 	C:\Program Files\Java\jdk-11\bin\jli.dll
0x00007ffef0df0000 - 0x00007ffef0e0b000 	C:\Program Files\Java\jdk-11\bin\VCRUNTIME140.dll
0x00007fff06790000 - 0x00007fff06842000 	C:\WINDOWS\System32\ADVAPI32.dll
0x00007fff072a0000 - 0x00007fff07347000 	C:\WINDOWS\System32\msvcrt.dll
0x00007fff07c20000 - 0x00007fff07cc8000 	C:\WINDOWS\System32\sechost.dll
0x00007fff05940000 - 0x00007fff05968000 	C:\WINDOWS\System32\bcrypt.dll
0x00007fff08220000 - 0x00007fff08335000 	C:\WINDOWS\System32\RPCRT4.dll
0x00007fff070e0000 - 0x00007fff0728e000 	C:\WINDOWS\System32\USER32.dll
0x00007fff05d10000 - 0x00007fff05d36000 	C:\WINDOWS\System32\win32u.dll
0x00007fff06f40000 - 0x00007fff06f69000 	C:\WINDOWS\System32\GDI32.dll
0x00007ffee7b50000 - 0x00007ffee7de3000 	C:\WINDOWS\WinSxS\amd64_microsoft.windows.common-controls_6595b64144ccf1df_6.0.22621.3235_none_270f74e173860f98\COMCTL32.dll
0x00007fff05970000 - 0x00007fff05a89000 	C:\WINDOWS\System32\gdi32full.dll
0x00007fff05a90000 - 0x00007fff05b2a000 	C:\WINDOWS\System32\msvcp_win.dll
0x00007ffef67a0000 - 0x00007ffef67aa000 	C:\WINDOWS\SYSTEM32\VERSION.dll
0x00007fff07e80000 - 0x00007fff07eb1000 	C:\WINDOWS\System32\IMM32.DLL
0x00007fff00b10000 - 0x00007fff00b1c000 	C:\Program Files\Java\jdk-11\bin\vcruntime140_1.dll
0x00007ffeee4f0000 - 0x00007ffeee57e000 	C:\Program Files\Java\jdk-11\bin\msvcp140.dll
0x00007ffe71600000 - 0x00007ffe7216d000 	C:\Program Files\Java\jdk-11\bin\server\jvm.dll
0x00007fff07c10000 - 0x00007fff07c18000 	C:\WINDOWS\System32\PSAPI.DLL
0x00007ffefba00000 - 0x00007ffefba34000 	C:\WINDOWS\SYSTEM32\WINMM.dll
0x00007ffee9070000 - 0x00007ffee9079000 	C:\WINDOWS\SYSTEM32\WSOCK32.dll
0x00007fff06700000 - 0x00007fff06771000 	C:\WINDOWS\System32\WS2_32.dll
0x00007fff04850000 - 0x00007fff04868000 	C:\WINDOWS\SYSTEM32\kernel.appcore.dll
0x00007ffefeaf0000 - 0x00007ffefeb00000 	C:\Program Files\Java\jdk-11\bin\verify.dll
0x00007fff03060000 - 0x00007fff03293000 	C:\WINDOWS\SYSTEM32\DBGHELP.DLL
0x00007fff06850000 - 0x00007fff06bd8000 	C:\WINDOWS\System32\combase.dll
0x00007fff07000000 - 0x00007fff070d7000 	C:\WINDOWS\System32\OLEAUT32.dll
0x00007ffee4730000 - 0x00007ffee4762000 	C:\WINDOWS\SYSTEM32\dbgcore.DLL
0x00007fff05850000 - 0x00007fff058c9000 	C:\WINDOWS\System32\bcryptPrimitives.dll
0x00007ffef0d10000 - 0x00007ffef0d38000 	C:\Program Files\Java\jdk-11\bin\java.dll
0x00007ffefde30000 - 0x00007ffefde3a000 	C:\Program Files\Java\jdk-11\bin\jimage.dll
0x00007ffef0bf0000 - 0x00007ffef0c07000 	C:\Program Files\Java\jdk-11\bin\zip.dll
0x00007fff07350000 - 0x00007fff07bac000 	C:\WINDOWS\System32\SHELL32.dll
0x00007fff03760000 - 0x00007fff04059000 	C:\WINDOWS\SYSTEM32\windows.storage.dll
0x00007fff03620000 - 0x00007fff0375e000 	C:\WINDOWS\SYSTEM32\wintypes.dll
0x00007fff06e40000 - 0x00007fff06f33000 	C:\WINDOWS\System32\SHCORE.dll
0x00007fff08150000 - 0x00007fff081ae000 	C:\WINDOWS\System32\shlwapi.dll
0x00007fff05780000 - 0x00007fff057a1000 	C:\WINDOWS\SYSTEM32\profapi.dll
0x00007ffeefdb0000 - 0x00007ffeefdc9000 	C:\Program Files\Java\jdk-11\bin\net.dll
0x00007ffefe540000 - 0x00007ffefe676000 	C:\WINDOWS\SYSTEM32\WINHTTP.dll
0x00007fff04cb0000 - 0x00007fff04d19000 	C:\WINDOWS\system32\mswsock.dll
0x00007ffeefc10000 - 0x00007ffeefc22000 	C:\Program Files\Java\jdk-11\bin\nio.dll
0x00007fff04f50000 - 0x00007fff04f6b000 	C:\WINDOWS\SYSTEM32\CRYPTSP.dll
0x00007fff047b0000 - 0x00007fff047e5000 	C:\WINDOWS\system32\rsaenh.dll
0x00007fff04d50000 - 0x00007fff04d78000 	C:\WINDOWS\SYSTEM32\USERENV.dll
0x00007fff04eb0000 - 0x00007fff04ebc000 	C:\WINDOWS\SYSTEM32\CRYPTBASE.dll
0x00007fff04300000 - 0x00007fff0432d000 	C:\WINDOWS\SYSTEM32\IPHLPAPI.DLL
0x00007fff07290000 - 0x00007fff07299000 	C:\WINDOWS\System32\NSI.dll
0x00007ffefe960000 - 0x00007ffefe979000 	C:\WINDOWS\SYSTEM32\dhcpcsvc6.DLL
0x00007ffefe2d0000 - 0x00007ffefe2ef000 	C:\WINDOWS\SYSTEM32\dhcpcsvc.DLL
0x00007fff04330000 - 0x00007fff04429000 	C:\WINDOWS\SYSTEM32\DNSAPI.dll
0x00007ffeefbc0000 - 0x00007ffeefbe7000 	C:\Program Files\Java\jdk-11\bin\sunec.dll

dbghelp: loaded successfully - version: 4.0.5 - missing functions: none
symbol engine: initialized successfully - sym options: 0x614 - pdb path: .;C:\Program Files\Java\jdk-11\bin;C:\WINDOWS\SYSTEM32;C:\WINDOWS\WinSxS\amd64_microsoft.windows.common-controls_6595b64144ccf1df_6.0.22621.3235_none_270f74e173860f98;C:\Program Files\Java\jdk-11\bin\server

VM Arguments:
jvm_args: -ea -Dfile.encoding=UTF-8 -Dstdout.encoding=UTF-8 -Dstderr.encoding=UTF-8 
java_command: org.eclipse.jdt.internal.junit.runner.RemoteTestRunner -version 3 -port 56515 -testLoaderClass org.eclipse.jdt.internal.junit5.runner.JUnit5TestLoader -loaderpluginname org.eclipse.jdt.junit5.runtime -classNames com.adactin.runner.Runner
java_class_path (initial): C:\Users\Tony\eclipse-workspace1\Cucumber\target\test-classes;C:\Users\Tony\eclipse-workspace1\Cucumber\target\classes;C:\Users\Tony\.p2\pool\plugins\junit-jupiter-api_5.10.2.jar;C:\Users\Tony\.p2\pool\plugins\junit-jupiter-engine_5.10.2.jar;C:\Users\Tony\.p2\pool\plugins\junit-jupiter-migrationsupport_5.10.2.jar;C:\Users\Tony\.p2\pool\plugins\junit-jupiter-params_5.10.2.jar;C:\Users\Tony\.p2\pool\plugins\junit-platform-commons_1.10.2.jar;C:\Users\Tony\.p2\pool\plugins\junit-platform-engine_1.10.2.jar;C:\Users\Tony\.p2\pool\plugins\junit-platform-launcher_1.10.2.jar;C:\Users\Tony\.p2\pool\plugins\junit-platform-runner_1.10.2.jar;C:\Users\Tony\.p2\pool\plugins\junit-platform-suite-api_1.10.2.jar;C:\Users\Tony\.p2\pool\plugins\junit-platform-suite-engine_1.10.2.jar;C:\Users\Tony\.p2\pool\plugins\junit-platform-suite-commons_1.10.2.jar;C:\Users\Tony\.p2\pool\plugins\junit-vintage-engine_5.10.2.jar;C:\Users\Tony\.p2\pool\plugins\org.opentest4j_1.3.0.jar;C:\Users\Tony\.p2\pool\plugins\org.apiguardian.api_1.1.2.jar;C:\Users\Tony\.p2\pool\plugins\org.junit_4.13.2.v20230809-1000.jar;C:\Users\Tony\.p2\pool\plugins\org.hamcrest_2.2.0.jar;C:\Users\Tony\.p2\pool\plugins\org.hamcrest.core_2.2.0.v20230809-1000.jar;C:\Users\Tony\.m2\repository\org\junit\jupiter\junit-jupiter-engine\5.7.1\junit-jupiter-engine-5.7.1.jar;C:\Users\Tony\.m2\repository\org\apiguardian\apiguardian-api\1.1.0\apiguardian-api-1.1.0.jar;C:\Users\Tony\.m2\repository\org\junit\platform\junit-platform-engine\1.7.1\junit-platform-engine-1.7.1.jar;C:\Users\Tony\.m2\repository\org\opentest4j\opentest4j\1.2.0\opentest4j-1.2.0.jar;C:\Users\Tony\.m2\repository\org\junit\platform\junit-platform-commons\1.7.1\junit-platform-commons-1.7.1.jar;C:\Users\Tony\.m2\repository\org\junit\jupiter\junit-jupiter-api\5.7.1\junit-jupiter-api-5.7.1.jar;C:\Users\Tony\.m2\repository\org\junit\jupiter\junit-jupiter-params\5.7.1\junit-jupiter-params-5.7.1.jar;C:\Users\Tony\.m2\repository\org\seleniumhq\selen
Launcher Type: SUN_STANDARD

[Global flags]
     intx CICompilerCount                          = 4                                         {product} {ergonomic}
     uint ConcGCThreads                            = 2                                         {product} {ergonomic}
     uint G1ConcRefinementThreads                  = 8                                         {product} {ergonomic}
   size_t G1HeapRegionSize                         = 1048576                                   {product} {ergonomic}
    uintx GCDrainStackTargetSize                   = 64                                        {product} {ergonomic}
   size_t InitialHeapSize                          = 132120576                                 {product} {ergonomic}
   size_t MarkStackSize                            = 4194304                                   {product} {ergonomic}
   size_t MaxHeapSize                              = 2109734912                                {product} {ergonomic}
   size_t MaxNewSize                               = 1265631232                                {product} {ergonomic}
   size_t MinHeapDeltaBytes                        = 1048576                                   {product} {ergonomic}
    uintx NonNMethodCodeHeapSize                   = 5836300                                {pd product} {ergonomic}
    uintx NonProfiledCodeHeapSize                  = 122910970                              {pd product} {ergonomic}
    uintx ProfiledCodeHeapSize                     = 122910970                              {pd product} {ergonomic}
    uintx ReservedCodeCacheSize                    = 251658240                              {pd product} {ergonomic}
     bool SegmentedCodeCache                       = true                                      {product} {ergonomic}
     bool UseCompressedClassPointers               = true                                 {lp64_product} {ergonomic}
     bool UseCompressedOops                        = true                                 {lp64_product} {ergonomic}
     bool UseG1GC                                  = true                                      {product} {ergonomic}
     bool UseLargePagesIndividualAllocation        = false                                  {pd product} {ergonomic}

Logging:
Log output configuration:
 #0: stdout all=warning uptime,level,tags
 #1: stderr all=off uptime,level,tags

Environment Variables:
PATH=C:/Users/Tony/.p2/pool/plugins/org.eclipse.justj.openjdk.hotspot.jre.full.win32.x86_64_17.0.10.v20240120-1143/jre/bin/server;C:/Users/Tony/.p2/pool/plugins/org.eclipse.justj.openjdk.hotspot.jre.full.win32.x86_64_17.0.10.v20240120-1143/jre/bin;C:\Python312\Scripts\;C:\Python312\;C:\Program Files\Common Files\Oracle\Java\javapath;C:\WINDOWS\system32;C:\WINDOWS;C:\WINDOWS\System32\Wbem;C:\WINDOWS\System32\WindowsPowerShell\v1.0\;C:\WINDOWS\System32\OpenSSH\;C:\Program Files\Intel\WiFi\bin\;C:\Program Files\Common Files\Intel\WirelessCommon\;C:\Program Files\dotnet\;C:\Program Files\nodejs\;C:\ProgramData\chocolatey\bin;C:\Users\Tony\AppData\Roaming\.dotnet;C:\Users\Tony\AppData\Local\Microsoft\WindowsApps;;C:\Users\Tony\AppData\Local\Programs\Microsoft VS Code\bin;C:\Users\Tony\.dotnet\tools;C:\Users\Tony\AppData\Roaming\npm;C:\Users\Tony\Desktop;
USERNAME=Tony
OS=Windows_NT
PROCESSOR_IDENTIFIER=Intel64 Family 6 Model 142 Stepping 12, GenuineIntel



---------------  S Y S T E M  ---------------

OS: Windows 11 , 64 bit Build 22621 (10.0.22621.3374)
Hyper-V role detected

CPU:total 8 (initial active 8) (4 cores per cpu, 2 threads per core) family 6 model 142 stepping 12 microcode 0xde, cmov, cx8, fxsr, mmx, sse, sse2, sse3, ssse3, sse4.1, sse4.2, popcnt, avx, avx2, aes, clmul, erms, 3dnowpref, lzcnt, ht, tsc, tscinvbit, bmi1, bmi2, adx, fma

Memory: 4k page, system-wide physical 8043M (718M free)
TotalPageFile size 10091M (AvailPageFile size 6M)
current process WorkingSet (physical memory assigned to process): 126M, peak: 126M
current process commit charge ("private bytes"): 257M, peak: 259M

vm_info: Java HotSpot(TM) 64-Bit Server VM (11.0.21+9-LTS-193) for windows-amd64 JRE (11.0.21+9-LTS-193), built on Sep 13 2023 11:04:38 by "mach5one" with MS VC++ 17.1 (VS2022)

END.
