#
# There is insufficient memory for the Java Runtime Environment to continue.
# Native memory allocation (mmap) failed to map 132120576 bytes for Failed to commit area from 0x0000000082400000 to 0x000000008a200000 of length 132120576.
# Possible reasons:
#   The system is out of physical RAM or swap space
#   The process is running with CompressedOops enabled, and the Java Heap may be blocking the growth of the native heap
# Possible solutions:
#   Reduce memory load on the system
#   Increase physical memory or swap space
#   Check if swap backing store is full
#   Decrease Java heap size (-Xmx/-Xms)
#   Decrease number of Java threads
#   Decrease Java thread stack sizes (-Xss)
#   Set larger code cache with -XX:ReservedCodeCacheSize=
# This output file may be truncated or incomplete.
#
#  Out of Memory Error (./open/src/hotspot/os/windows/os_windows.cpp:3298), pid=18364, tid=17260
#
# JRE version:  (11.0.21+9) (build )
# Java VM: Java HotSpot(TM) 64-Bit Server VM (11.0.21+9-LTS-193, mixed mode, sharing, tiered, compressed oops, g1 gc, windows-amd64)
# No core dump will be written. Minidumps are not enabled by default on client versions of Windows
#

---------------  S U M M A R Y ------------

Command Line: -Dmaven.home=EMBEDDED -Dclassworlds.conf=C:\Users\Tony\eclipse-workspace1\.metadata\.plugins\org.eclipse.m2e.launching\launches\m2conf7733988794269384859.tmp -Dmaven.multiModuleProjectDirectory=C:\Users\Tony\eclipse-workspace1\Cucumber -Dm2e.build.project.data.socket.port=58010 -Dfile.encoding=UTF-8 -Dstdout.encoding=UTF-8 -Dstderr.encoding=UTF-8 org.codehaus.plexus.classworlds.launcher.Launcher -B -Dstyle.color=always test

Host: Intel(R) Core(TM) i5-8265U CPU @ 1.60GHz, 8 cores, 7G,  Windows 11 , 64 bit Build 22621 (10.0.22621.3527)
Time: Fri May 24 18:24:51 2024 India Standard Time elapsed time: 0.014746 seconds (0d 0h 0m 0s)

---------------  T H R E A D  ---------------

Current thread (0x00000203d1e97800):  JavaThread "Unknown thread" [_thread_in_vm, id=17260, stack(0x00000010fe400000,0x00000010fe500000)]

Stack: [0x00000010fe400000,0x00000010fe500000]
Native frames: (J=compiled Java code, j=interpreted, Vv=VM code, C=native code)
V  [jvm.dll+0x66058a]
V  [jvm.dll+0x7a362f]
V  [jvm.dll+0x7a4cf9]
V  [jvm.dll+0x7a5393]
V  [jvm.dll+0x258f55]
V  [jvm.dll+0x65d8e9]
V  [jvm.dll+0x652495]
V  [jvm.dll+0x31367d]
V  [jvm.dll+0x3134e2]
V  [jvm.dll+0x318116]
V  [jvm.dll+0x360210]
V  [jvm.dll+0x35fc82]
V  [jvm.dll+0x2eed08]
V  [jvm.dll+0x2efe15]
V  [jvm.dll+0x77c687]
V  [jvm.dll+0x77df6f]
V  [jvm.dll+0x36d4b9]
V  [jvm.dll+0x76106f]
V  [jvm.dll+0x3df587]
V  [jvm.dll+0x3e1631]
C  [jli.dll+0x52e7]
C  [ucrtbase.dll+0x29333]
C  [KERNEL32.DLL+0x1257d]
C  [ntdll.dll+0x5aa48]


---------------  P R O C E S S  ---------------

Threads class SMR info:
_java_thread_list=0x00000203cfc97bd0, length=0, elements={
}

Java Threads: ( => current thread )

Other Threads:
  0x00000203d1ead000 GCTaskThread "GC Thread#0" [stack: 0x00000010fe500000,0x00000010fe600000] [id=20780]
  0x00000203d1ed9000 ConcurrentGCThread "G1 Main Marker" [stack: 0x00000010fe600000,0x00000010fe700000] [id=20952]
  0x00000203d1eda800 ConcurrentGCThread "G1 Conc#0" [stack: 0x00000010fe700000,0x00000010fe800000] [id=19192]

[error occurred during error reporting (printing all threads), id 0xc0000005, EXCEPTION_ACCESS_VIOLATION (0xc0000005) at pc=0x00007fff42fcf7c7]

VM state:not at safepoint (not fully initialized)

VM Mutex/Monitor currently owned by a thread:  ([mutex/lock_event])
[0x00000203d1e94700] Heap_lock - owner thread: 0x00000203d1e97800

Heap address: 0x0000000082400000, size: 2012 MB, Compressed Oops mode: Non-zero based: 0x0000000082400000
Narrow klass base: 0x0000000000000000, Narrow klass shift: 0

GC Heap History (0 events):
No events

Deoptimization events (0 events):
No events

Classes redefined (0 events):
No events

Internal exceptions (0 events):
No events

Events (0 events):
No events


Dynamic libraries:
0x00007ff7757a0000 - 0x00007ff7757b0000 	C:\Program Files\Java\jdk-11\bin\javaw.exe
0x00007fffa0b90000 - 0x00007fffa0da7000 	C:\WINDOWS\SYSTEM32\ntdll.dll
0x00007fff9f9c0000 - 0x00007fff9fa84000 	C:\WINDOWS\System32\KERNEL32.DLL
0x00007fff9e220000 - 0x00007fff9e5c7000 	C:\WINDOWS\System32\KERNELBASE.dll
0x00007fff9dee0000 - 0x00007fff9dff1000 	C:\WINDOWS\System32\ucrtbase.dll
0x00007fff94ba0000 - 0x00007fff94bbb000 	C:\Program Files\Java\jdk-11\bin\VCRUNTIME140.dll
0x00007fff852c0000 - 0x00007fff852d9000 	C:\Program Files\Java\jdk-11\bin\jli.dll
0x00007fff9fb70000 - 0x00007fff9fc22000 	C:\WINDOWS\System32\ADVAPI32.dll
0x00007fff9eaf0000 - 0x00007fff9eb97000 	C:\WINDOWS\System32\msvcrt.dll
0x00007fffa08b0000 - 0x00007fffa0958000 	C:\WINDOWS\System32\sechost.dll
0x00007fff9deb0000 - 0x00007fff9ded8000 	C:\WINDOWS\System32\bcrypt.dll
0x00007fffa0a30000 - 0x00007fffa0b45000 	C:\WINDOWS\System32\RPCRT4.dll
0x00007fff9e940000 - 0x00007fff9eaee000 	C:\WINDOWS\System32\USER32.dll
0x00007fff9e1f0000 - 0x00007fff9e216000 	C:\WINDOWS\System32\win32u.dll
0x00007fffa0960000 - 0x00007fffa0989000 	C:\WINDOWS\System32\GDI32.dll
0x00007fff7ff00000 - 0x00007fff80193000 	C:\WINDOWS\WinSxS\amd64_microsoft.windows.common-controls_6595b64144ccf1df_6.0.22621.3527_none_270e469b73872a76\COMCTL32.dll
0x00007fff9e640000 - 0x00007fff9e759000 	C:\WINDOWS\System32\gdi32full.dll
0x00007fff9e760000 - 0x00007fff9e7fa000 	C:\WINDOWS\System32\msvcp_win.dll
0x00007fff8ede0000 - 0x00007fff8edea000 	C:\WINDOWS\SYSTEM32\VERSION.dll
0x00007fff9e8e0000 - 0x00007fff9e911000 	C:\WINDOWS\System32\IMM32.DLL
0x00007fff88940000 - 0x00007fff8894c000 	C:\Program Files\Java\jdk-11\bin\vcruntime140_1.dll
0x00007fff544c0000 - 0x00007fff5454e000 	C:\Program Files\Java\jdk-11\bin\msvcp140.dll
0x00007fff42cd0000 - 0x00007fff4383d000 	C:\Program Files\Java\jdk-11\bin\server\jvm.dll
0x00007fffa0a20000 - 0x00007fffa0a28000 	C:\WINDOWS\System32\PSAPI.DLL
0x00007fff816d0000 - 0x00007fff816d9000 	C:\WINDOWS\SYSTEM32\WSOCK32.dll
0x00007fff93480000 - 0x00007fff934b4000 	C:\WINDOWS\SYSTEM32\WINMM.dll
0x00007fffa0810000 - 0x00007fffa0881000 	C:\WINDOWS\System32\WS2_32.dll
0x00007fff9ce90000 - 0x00007fff9cea8000 	C:\WINDOWS\SYSTEM32\kernel.appcore.dll
0x00007fff86f70000 - 0x00007fff86f80000 	C:\Program Files\Java\jdk-11\bin\verify.dll
0x00007fff9b6a0000 - 0x00007fff9b8d2000 	C:\WINDOWS\SYSTEM32\DBGHELP.DLL
0x00007fff9f570000 - 0x00007fff9f8f8000 	C:\WINDOWS\System32\combase.dll
0x00007fff9fa90000 - 0x00007fff9fb67000 	C:\WINDOWS\System32\OLEAUT32.dll
0x00007fff7c0b0000 - 0x00007fff7c0e2000 	C:\WINDOWS\SYSTEM32\dbgcore.DLL
0x00007fff9e000000 - 0x00007fff9e079000 	C:\WINDOWS\System32\bcryptPrimitives.dll
0x00007fff82320000 - 0x00007fff82348000 	C:\Program Files\Java\jdk-11\bin\java.dll
0x00007fff86c20000 - 0x00007fff86c2a000 	C:\Program Files\Java\jdk-11\bin\jimage.dll
0x00007fff84f50000 - 0x00007fff84f67000 	C:\Program Files\Java\jdk-11\bin\zip.dll

dbghelp: loaded successfully - version: 4.0.5 - missing functions: none
symbol engine: initialized successfully - sym options: 0x614 - pdb path: .;C:\Program Files\Java\jdk-11\bin;C:\WINDOWS\SYSTEM32;C:\WINDOWS\WinSxS\amd64_microsoft.windows.common-controls_6595b64144ccf1df_6.0.22621.3527_none_270e469b73872a76;C:\Program Files\Java\jdk-11\bin\server

VM Arguments:
jvm_args: -Dmaven.home=EMBEDDED -Dclassworlds.conf=C:\Users\Tony\eclipse-workspace1\.metadata\.plugins\org.eclipse.m2e.launching\launches\m2conf7733988794269384859.tmp -Dmaven.multiModuleProjectDirectory=C:\Users\Tony\eclipse-workspace1\Cucumber -Dm2e.build.project.data.socket.port=58010 -Dfile.encoding=UTF-8 -Dstdout.encoding=UTF-8 -Dstderr.encoding=UTF-8 
java_command: org.codehaus.plexus.classworlds.launcher.Launcher -B -Dstyle.color=always test
java_class_path (initial): C:\Users\Tony\.p2\pool\plugins\org.eclipse.m2e.maven.runtime_3.9.600.20231203-1234\jars\plexus-classworlds-2.7.0.jar
Launcher Type: SUN_STANDARD

[Global flags]
     intx CICompilerCount                          = 4                                         {product} {ergonomic}
     uint ConcGCThreads                            = 2                                         {product} {ergonomic}
     uint G1ConcRefinementThreads                  = 8                                         {product} {ergonomic}
   size_t G1HeapRegionSize                         = 1048576                                   {product} {ergonomic}
    uintx GCDrainStackTargetSize                   = 64                                        {product} {ergonomic}
   size_t InitialHeapSize                          = 132120576                                 {product} {ergonomic}
   size_t MarkStackSize                            = 4194304                                   {product} {ergonomic}
   size_t MaxHeapSize                              = 2109734912                                {product} {ergonomic}
   size_t MinHeapDeltaBytes                        = 1048576                                   {product} {ergonomic}
    uintx NonNMethodCodeHeapSize                   = 5836300                                {pd product} {ergonomic}
    uintx NonProfiledCodeHeapSize                  = 122910970                              {pd product} {ergonomic}
    uintx ProfiledCodeHeapSize                     = 122910970                              {pd product} {ergonomic}
    uintx ReservedCodeCacheSize                    = 251658240                              {pd product} {ergonomic}
     bool SegmentedCodeCache                       = true                                      {product} {ergonomic}
     bool UseCompressedClassPointers               = true                                 {lp64_product} {ergonomic}
     bool UseCompressedOops                        = true                                 {lp64_product} {ergonomic}
     bool UseG1GC                                  = true                                      {product} {ergonomic}
     bool UseLargePagesIndividualAllocation        = false                                  {pd product} {ergonomic}

Logging:
Log output configuration:
 #0: stdout all=warning uptime,level,tags
 #1: stderr all=off uptime,level,tags

Environment Variables:
PATH=C:/Users/Tony/.p2/pool/plugins/org.eclipse.justj.openjdk.hotspot.jre.full.win32.x86_64_17.0.10.v20240120-1143/jre/bin/server;C:/Users/Tony/.p2/pool/plugins/org.eclipse.justj.openjdk.hotspot.jre.full.win32.x86_64_17.0.10.v20240120-1143/jre/bin;C:\Python312\Scripts\;C:\Python312\;C:\Program Files\Common Files\Oracle\Java\javapath;C:\WINDOWS\system32;C:\WINDOWS;C:\WINDOWS\System32\Wbem;C:\WINDOWS\System32\WindowsPowerShell\v1.0\;C:\WINDOWS\System32\OpenSSH\;C:\Program Files\Intel\WiFi\bin\;C:\Program Files\Common Files\Intel\WirelessCommon\;C:\Program Files\dotnet\;C:\Program Files\nodejs\;C:\ProgramData\chocolatey\bin;C:\Program Files\Git\cmd;C:\Users\Tony\AppData\Roaming\.dotnet;C:\Users\Tony\AppData\Local\Microsoft\WindowsApps;;C:\Users\Tony\AppData\Local\Programs\Microsoft VS Code\bin;C:\Users\Tony\.dotnet\tools;C:\Users\Tony\AppData\Roaming\npm;C:\Users\Tony\Desktop;
USERNAME=Tony
OS=Windows_NT
PROCESSOR_IDENTIFIER=Intel64 Family 6 Model 142 Stepping 12, GenuineIntel



---------------  S Y S T E M  ---------------

OS: Windows 11 , 64 bit Build 22621 (10.0.22621.3527)
Hyper-V role detected

CPU:total 8 (initial active 8) (4 cores per cpu, 2 threads per core) family 6 model 142 stepping 12 microcode 0xde, cmov, cx8, fxsr, mmx, sse, sse2, sse3, ssse3, sse4.1, sse4.2, popcnt, avx, avx2, aes, clmul, erms, 3dnowpref, lzcnt, ht, tsc, tscinvbit, bmi1, bmi2, adx, fma

Memory: 4k page, system-wide physical 8043M (952M free)
TotalPageFile size 10091M (AvailPageFile size 114M)
current process WorkingSet (physical memory assigned to process): 10M, peak: 10M
current process commit charge ("private bytes"): 60M, peak: 186M

vm_info: Java HotSpot(TM) 64-Bit Server VM (11.0.21+9-LTS-193) for windows-amd64 JRE (11.0.21+9-LTS-193), built on Sep 13 2023 11:04:38 by "mach5one" with MS VC++ 17.1 (VS2022)

END.
