#
# There is insufficient memory for the Java Runtime Environment to continue.
# Native memory allocation (malloc) failed to allocate 1145456 bytes for Chunk::new
# Possible reasons:
#   The system is out of physical RAM or swap space
#   The process is running with CompressedOops enabled, and the Java Heap may be blocking the growth of the native heap
# Possible solutions:
#   Reduce memory load on the system
#   Increase physical memory or swap space
#   Check if swap backing store is full
#   Decrease Java heap size (-Xmx/-Xms)
#   Decrease number of Java threads
#   Decrease Java thread stack sizes (-Xss)
#   Set larger code cache with -XX:ReservedCodeCacheSize=
#   JVM is running with Unscaled Compressed Oops mode in which the Java heap is
#     placed in the first 4GB address space. The Java Heap base address is the
#     maximum limit for the native heap growth. Please use -XX:HeapBaseMinAddress
#     to set the Java Heap base and to place the Java Heap above 4GB virtual address.
# This output file may be truncated or incomplete.
#
#  Out of Memory Error (./open/src/hotspot/share/memory/arena.cpp:197), pid=5580, tid=24980
#
# JRE version: Java(TM) SE Runtime Environment 18.9 (11.0.21+9) (build 11.0.21+9-LTS-193)
# Java VM: Java HotSpot(TM) 64-Bit Server VM 18.9 (11.0.21+9-LTS-193, mixed mode, tiered, compressed oops, g1 gc, windows-amd64)
# No core dump will be written. Minidumps are not enabled by default on client versions of Windows
#

---------------  S U M M A R Y ------------

Command Line: -ea -Dfile.encoding=UTF-8 -Dstdout.encoding=UTF-8 -Dstderr.encoding=UTF-8 org.eclipse.jdt.internal.junit.runner.RemoteTestRunner -version 3 -port 49634 -testLoaderClass org.eclipse.jdt.internal.junit5.runner.JUnit5TestLoader -loaderpluginname org.eclipse.jdt.junit5.runtime -classNames com.adactin.runner.Runner

Host: Intel(R) Core(TM) i5-8265U CPU @ 1.60GHz, 8 cores, 7G,  Windows 11 , 64 bit Build 22621 (10.0.22621.3374)
Time: Mon May 13 18:29:38 2024 India Standard Time elapsed time: 1.755039 seconds (0d 0h 0m 1s)

---------------  T H R E A D  ---------------

Current thread (0x0000019dc063f000):  JavaThread "C2 CompilerThread2" daemon [_thread_in_native, id=24980, stack(0x0000003979400000,0x0000003979500000)]


Current CompileTask:
C2:   1755 1996       4       java.time.zone.Ser::readOffset (34 bytes)

Stack: [0x0000003979400000,0x0000003979500000]
Native frames: (J=compiled Java code, j=interpreted, Vv=VM code, C=native code)
V  [jvm.dll+0x66058a]
V  [jvm.dll+0x7a362f]
V  [jvm.dll+0x7a4cf9]
V  [jvm.dll+0x7a5393]
V  [jvm.dll+0x258f55]
V  [jvm.dll+0xb2a0c]
V  [jvm.dll+0xb2fcc]
V  [jvm.dll+0x2ca682]
V  [jvm.dll+0x56f76c]
V  [jvm.dll+0x21aae1]
V  [jvm.dll+0x2142c5]
V  [jvm.dll+0x210af4]
V  [jvm.dll+0x18cdb1]
V  [jvm.dll+0x220e99]
V  [jvm.dll+0x21f1bc]
V  [jvm.dll+0x7673c1]
V  [jvm.dll+0x75fc44]
V  [jvm.dll+0x65f435]
C  [ucrtbase.dll+0x29333]
C  [KERNEL32.DLL+0x1257d]
C  [ntdll.dll+0x5aa48]


---------------  P R O C E S S  ---------------

Threads class SMR info:
_java_thread_list=0x0000019dc0b4f210, length=13, elements={
0x0000019d9eff6000, 0x0000019dbeeb5000, 0x0000019dbeee1000, 0x0000019dbf853000,
0x0000019dbf856000, 0x0000019dbf857000, 0x0000019dbf862000, 0x0000019dbf866800,
0x0000019dbf868000, 0x0000019dbfa0a000, 0x0000019dbfa09000, 0x0000019dc0627000,
0x0000019dc063f000
}

Java Threads: ( => current thread )
  0x0000019d9eff6000 JavaThread "main" [_thread_in_native, id=15416, stack(0x0000003977d00000,0x0000003977e00000)]
  0x0000019dbeeb5000 JavaThread "Reference Handler" daemon [_thread_blocked, id=9560, stack(0x0000003978400000,0x0000003978500000)]
  0x0000019dbeee1000 JavaThread "Finalizer" daemon [_thread_blocked, id=7924, stack(0x0000003978500000,0x0000003978600000)]
  0x0000019dbf853000 JavaThread "Signal Dispatcher" daemon [_thread_blocked, id=10056, stack(0x0000003978600000,0x0000003978700000)]
  0x0000019dbf856000 JavaThread "Attach Listener" daemon [_thread_blocked, id=19596, stack(0x0000003978700000,0x0000003978800000)]
  0x0000019dbf857000 JavaThread "Service Thread" daemon [_thread_blocked, id=24204, stack(0x0000003978800000,0x0000003978900000)]
  0x0000019dbf862000 JavaThread "C2 CompilerThread0" daemon [_thread_in_native, id=11132, stack(0x0000003978900000,0x0000003978a00000)]
  0x0000019dbf866800 JavaThread "C1 CompilerThread0" daemon [_thread_blocked, id=9180, stack(0x0000003978a00000,0x0000003978b00000)]
  0x0000019dbf868000 JavaThread "Sweeper thread" daemon [_thread_blocked, id=23892, stack(0x0000003978b00000,0x0000003978c00000)]
  0x0000019dbfa0a000 JavaThread "Common-Cleaner" daemon [_thread_blocked, id=20184, stack(0x0000003978d00000,0x0000003978e00000)]
  0x0000019dbfa09000 JavaThread "ReaderThread" [_thread_in_native, id=3156, stack(0x0000003978f00000,0x0000003979000000)]
  0x0000019dc0627000 JavaThread "C2 CompilerThread1" daemon [_thread_in_native, id=21588, stack(0x0000003978e00000,0x0000003978f00000)]
=>0x0000019dc063f000 JavaThread "C2 CompilerThread2" daemon [_thread_in_native, id=24980, stack(0x0000003979400000,0x0000003979500000)]

Other Threads:
  0x0000019dbeeb3800 VMThread "VM Thread" [stack: 0x0000003978300000,0x0000003978400000] [id=17868]
  0x0000019dbf9fe800 WatcherThread [stack: 0x0000003978c00000,0x0000003978d00000] [id=23060]
  0x0000019d9f00a800 GCTaskThread "GC Thread#0" [stack: 0x0000003977e00000,0x0000003977f00000] [id=6008]
  0x0000019dc0527000 GCTaskThread "GC Thread#1" [stack: 0x0000003979000000,0x0000003979100000] [id=2776]
  0x0000019dc079a800 GCTaskThread "GC Thread#2" [stack: 0x0000003979100000,0x0000003979200000] [id=5988]
  0x0000019dc03e2000 GCTaskThread "GC Thread#3" [stack: 0x0000003979200000,0x0000003979300000] [id=5432]
  0x0000019d9f036000 ConcurrentGCThread "G1 Main Marker" [stack: 0x0000003977f00000,0x0000003978000000] [id=20796]
  0x0000019d9f037800 ConcurrentGCThread "G1 Conc#0" [stack: 0x0000003978000000,0x0000003978100000] [id=7376]
  0x0000019dc2c7c000 ConcurrentGCThread "G1 Conc#1" [stack: 0x0000003979500000,0x0000003979600000] [id=14008]
  0x0000019d9f0ad800 ConcurrentGCThread "G1 Refine#0" [stack: 0x0000003978100000,0x0000003978200000] [id=2196]
  0x0000019dc0628000 ConcurrentGCThread "G1 Refine#1" [stack: 0x0000003979300000,0x0000003979400000] [id=10200]
  0x0000019dbed1e800 ConcurrentGCThread "G1 Young RemSet Sampling" [stack: 0x0000003978200000,0x0000003978300000] [id=18520]

Threads with active compile tasks:
C2 CompilerThread0     1787 2011       4       java.time.ZoneOffset::ofTotalSeconds (110 bytes)
C2 CompilerThread1     1787 2083       4       java.time.zone.ZoneOffsetTransition::getDateTimeAfter (13 bytes)
C2 CompilerThread2     1787 1996       4       java.time.zone.Ser::readOffset (34 bytes)

VM state:not at safepoint (normal execution)

VM Mutex/Monitor currently owned by a thread: None

Heap address: 0x0000000082400000, size: 2012 MB, Compressed Oops mode: 32-bit
Narrow klass base: 0x0000000000000000, Narrow klass shift: 3
Compressed class space size: 1073741824 Address: 0x0000000100000000

Heap:
 garbage-first heap   total 129024K, used 18829K [0x0000000082400000, 0x0000000100000000)
  region size 1024K, 13 young (13312K), 7 survivors (7168K)
 Metaspace       used 21092K, capacity 21843K, committed 22016K, reserved 1069056K
  class space    used 2263K, capacity 2540K, committed 2560K, reserved 1048576K
Heap Regions: E=young(eden), S=young(survivor), O=old, HS=humongous(starts), HC=humongous(continues), CS=collection set, F=free, A=archive, TAMS=top-at-mark-start (previous, next)
|   0|0x0000000082400000, 0x0000000082500000, 0x0000000082500000|100%|HS|  |TAMS 0x0000000082500000, 0x0000000082400000| Complete 
|   1|0x0000000082500000, 0x0000000082600000, 0x0000000082600000|100%| O|  |TAMS 0x0000000082600000, 0x0000000082500000| Untracked 
|   2|0x0000000082600000, 0x0000000082700000, 0x0000000082700000|100%| O|  |TAMS 0x0000000082700000, 0x0000000082600000| Untracked 
|   3|0x0000000082700000, 0x0000000082800000, 0x0000000082800000|100%| O|  |TAMS 0x0000000082800000, 0x0000000082700000| Untracked 
|   4|0x0000000082800000, 0x0000000082900000, 0x0000000082900000|100%| O|  |TAMS 0x0000000082900000, 0x0000000082800000| Untracked 
|   5|0x0000000082900000, 0x0000000082a00000, 0x0000000082a00000|100%| O|  |TAMS 0x0000000082a00000, 0x0000000082900000| Untracked 
|   6|0x0000000082a00000, 0x0000000082a63400, 0x0000000082b00000| 38%| O|  |TAMS 0x0000000082a63400, 0x0000000082a00000| Untracked 
|   7|0x0000000082b00000, 0x0000000082b00000, 0x0000000082c00000|  0%| F|  |TAMS 0x0000000082b00000, 0x0000000082b00000| Untracked 
|   8|0x0000000082c00000, 0x0000000082c00000, 0x0000000082d00000|  0%| F|  |TAMS 0x0000000082c00000, 0x0000000082c00000| Untracked 
|   9|0x0000000082d00000, 0x0000000082d00000, 0x0000000082e00000|  0%| F|  |TAMS 0x0000000082d00000, 0x0000000082d00000| Untracked 
|  10|0x0000000082e00000, 0x0000000082e00000, 0x0000000082f00000|  0%| F|  |TAMS 0x0000000082e00000, 0x0000000082e00000| Untracked 
|  11|0x0000000082f00000, 0x0000000082f00000, 0x0000000083000000|  0%| F|  |TAMS 0x0000000082f00000, 0x0000000082f00000| Untracked 
|  12|0x0000000083000000, 0x0000000083000000, 0x0000000083100000|  0%| F|  |TAMS 0x0000000083000000, 0x0000000083000000| Untracked 
|  13|0x0000000083100000, 0x0000000083100000, 0x0000000083200000|  0%| F|  |TAMS 0x0000000083100000, 0x0000000083100000| Untracked 
|  14|0x0000000083200000, 0x0000000083200000, 0x0000000083300000|  0%| F|  |TAMS 0x0000000083200000, 0x0000000083200000| Untracked 
|  15|0x0000000083300000, 0x0000000083300000, 0x0000000083400000|  0%| F|  |TAMS 0x0000000083300000, 0x0000000083300000| Untracked 
|  16|0x0000000083400000, 0x0000000083400000, 0x0000000083500000|  0%| F|  |TAMS 0x0000000083400000, 0x0000000083400000| Untracked 
|  17|0x0000000083500000, 0x0000000083500000, 0x0000000083600000|  0%| F|  |TAMS 0x0000000083500000, 0x0000000083500000| Untracked 
|  18|0x0000000083600000, 0x0000000083600000, 0x0000000083700000|  0%| F|  |TAMS 0x0000000083600000, 0x0000000083600000| Untracked 
|  19|0x0000000083700000, 0x0000000083700000, 0x0000000083800000|  0%| F|  |TAMS 0x0000000083700000, 0x0000000083700000| Untracked 
|  20|0x0000000083800000, 0x0000000083800000, 0x0000000083900000|  0%| F|  |TAMS 0x0000000083800000, 0x0000000083800000| Untracked 
|  21|0x0000000083900000, 0x0000000083900000, 0x0000000083a00000|  0%| F|  |TAMS 0x0000000083900000, 0x0000000083900000| Untracked 
|  22|0x0000000083a00000, 0x0000000083a00000, 0x0000000083b00000|  0%| F|  |TAMS 0x0000000083a00000, 0x0000000083a00000| Untracked 
|  23|0x0000000083b00000, 0x0000000083b00000, 0x0000000083c00000|  0%| F|  |TAMS 0x0000000083b00000, 0x0000000083b00000| Untracked 
|  24|0x0000000083c00000, 0x0000000083c00000, 0x0000000083d00000|  0%| F|  |TAMS 0x0000000083c00000, 0x0000000083c00000| Untracked 
|  25|0x0000000083d00000, 0x0000000083d00000, 0x0000000083e00000|  0%| F|  |TAMS 0x0000000083d00000, 0x0000000083d00000| Untracked 
|  26|0x0000000083e00000, 0x0000000083e00000, 0x0000000083f00000|  0%| F|  |TAMS 0x0000000083e00000, 0x0000000083e00000| Untracked 
|  27|0x0000000083f00000, 0x0000000083f00000, 0x0000000084000000|  0%| F|  |TAMS 0x0000000083f00000, 0x0000000083f00000| Untracked 
|  28|0x0000000084000000, 0x0000000084000000, 0x0000000084100000|  0%| F|  |TAMS 0x0000000084000000, 0x0000000084000000| Untracked 
|  29|0x0000000084100000, 0x0000000084100000, 0x0000000084200000|  0%| F|  |TAMS 0x0000000084100000, 0x0000000084100000| Untracked 
|  30|0x0000000084200000, 0x0000000084200000, 0x0000000084300000|  0%| F|  |TAMS 0x0000000084200000, 0x0000000084200000| Untracked 
|  31|0x0000000084300000, 0x0000000084300000, 0x0000000084400000|  0%| F|  |TAMS 0x0000000084300000, 0x0000000084300000| Untracked 
|  32|0x0000000084400000, 0x0000000084400000, 0x0000000084500000|  0%| F|  |TAMS 0x0000000084400000, 0x0000000084400000| Untracked 
|  33|0x0000000084500000, 0x0000000084500000, 0x0000000084600000|  0%| F|  |TAMS 0x0000000084500000, 0x0000000084500000| Untracked 
|  34|0x0000000084600000, 0x0000000084600000, 0x0000000084700000|  0%| F|  |TAMS 0x0000000084600000, 0x0000000084600000| Untracked 
|  35|0x0000000084700000, 0x0000000084700000, 0x0000000084800000|  0%| F|  |TAMS 0x0000000084700000, 0x0000000084700000| Untracked 
|  36|0x0000000084800000, 0x0000000084800000, 0x0000000084900000|  0%| F|  |TAMS 0x0000000084800000, 0x0000000084800000| Untracked 
|  37|0x0000000084900000, 0x0000000084900000, 0x0000000084a00000|  0%| F|  |TAMS 0x0000000084900000, 0x0000000084900000| Untracked 
|  38|0x0000000084a00000, 0x0000000084a00000, 0x0000000084b00000|  0%| F|  |TAMS 0x0000000084a00000, 0x0000000084a00000| Untracked 
|  39|0x0000000084b00000, 0x0000000084b00000, 0x0000000084c00000|  0%| F|  |TAMS 0x0000000084b00000, 0x0000000084b00000| Untracked 
|  40|0x0000000084c00000, 0x0000000084c00000, 0x0000000084d00000|  0%| F|  |TAMS 0x0000000084c00000, 0x0000000084c00000| Untracked 
|  41|0x0000000084d00000, 0x0000000084d00000, 0x0000000084e00000|  0%| F|  |TAMS 0x0000000084d00000, 0x0000000084d00000| Untracked 
|  42|0x0000000084e00000, 0x0000000084e00000, 0x0000000084f00000|  0%| F|  |TAMS 0x0000000084e00000, 0x0000000084e00000| Untracked 
|  43|0x0000000084f00000, 0x0000000084f00000, 0x0000000085000000|  0%| F|  |TAMS 0x0000000084f00000, 0x0000000084f00000| Untracked 
|  44|0x0000000085000000, 0x0000000085000000, 0x0000000085100000|  0%| F|  |TAMS 0x0000000085000000, 0x0000000085000000| Untracked 
|  45|0x0000000085100000, 0x0000000085100000, 0x0000000085200000|  0%| F|  |TAMS 0x0000000085100000, 0x0000000085100000| Untracked 
|  46|0x0000000085200000, 0x0000000085200000, 0x0000000085300000|  0%| F|  |TAMS 0x0000000085200000, 0x0000000085200000| Untracked 
|  47|0x0000000085300000, 0x0000000085300000, 0x0000000085400000|  0%| F|  |TAMS 0x0000000085300000, 0x0000000085300000| Untracked 
|  48|0x0000000085400000, 0x0000000085400000, 0x0000000085500000|  0%| F|  |TAMS 0x0000000085400000, 0x0000000085400000| Untracked 
|  49|0x0000000085500000, 0x0000000085500000, 0x0000000085600000|  0%| F|  |TAMS 0x0000000085500000, 0x0000000085500000| Untracked 
|  50|0x0000000085600000, 0x0000000085600000, 0x0000000085700000|  0%| F|  |TAMS 0x0000000085600000, 0x0000000085600000| Untracked 
|  51|0x0000000085700000, 0x0000000085700000, 0x0000000085800000|  0%| F|  |TAMS 0x0000000085700000, 0x0000000085700000| Untracked 
|  52|0x0000000085800000, 0x0000000085800000, 0x0000000085900000|  0%| F|  |TAMS 0x0000000085800000, 0x0000000085800000| Untracked 
|  53|0x0000000085900000, 0x0000000085900000, 0x0000000085a00000|  0%| F|  |TAMS 0x0000000085900000, 0x0000000085900000| Untracked 
|  54|0x0000000085a00000, 0x0000000085a00000, 0x0000000085b00000|  0%| F|  |TAMS 0x0000000085a00000, 0x0000000085a00000| Untracked 
|  55|0x0000000085b00000, 0x0000000085b00000, 0x0000000085c00000|  0%| F|  |TAMS 0x0000000085b00000, 0x0000000085b00000| Untracked 
|  56|0x0000000085c00000, 0x0000000085c00000, 0x0000000085d00000|  0%| F|  |TAMS 0x0000000085c00000, 0x0000000085c00000| Untracked 
|  57|0x0000000085d00000, 0x0000000085d00000, 0x0000000085e00000|  0%| F|  |TAMS 0x0000000085d00000, 0x0000000085d00000| Untracked 
|  58|0x0000000085e00000, 0x0000000085e00000, 0x0000000085f00000|  0%| F|  |TAMS 0x0000000085e00000, 0x0000000085e00000| Untracked 
|  59|0x0000000085f00000, 0x0000000085f00000, 0x0000000086000000|  0%| F|  |TAMS 0x0000000085f00000, 0x0000000085f00000| Untracked 
|  60|0x0000000086000000, 0x0000000086000000, 0x0000000086100000|  0%| F|  |TAMS 0x0000000086000000, 0x0000000086000000| Untracked 
|  61|0x0000000086100000, 0x0000000086100000, 0x0000000086200000|  0%| F|  |TAMS 0x0000000086100000, 0x0000000086100000| Untracked 
|  62|0x0000000086200000, 0x0000000086200000, 0x0000000086300000|  0%| F|  |TAMS 0x0000000086200000, 0x0000000086200000| Untracked 
|  63|0x0000000086300000, 0x0000000086300000, 0x0000000086400000|  0%| F|  |TAMS 0x0000000086300000, 0x0000000086300000| Untracked 
|  64|0x0000000086400000, 0x0000000086400000, 0x0000000086500000|  0%| F|  |TAMS 0x0000000086400000, 0x0000000086400000| Untracked 
|  65|0x0000000086500000, 0x0000000086500000, 0x0000000086600000|  0%| F|  |TAMS 0x0000000086500000, 0x0000000086500000| Untracked 
|  66|0x0000000086600000, 0x0000000086600000, 0x0000000086700000|  0%| F|  |TAMS 0x0000000086600000, 0x0000000086600000| Untracked 
|  67|0x0000000086700000, 0x0000000086700000, 0x0000000086800000|  0%| F|  |TAMS 0x0000000086700000, 0x0000000086700000| Untracked 
|  68|0x0000000086800000, 0x0000000086800000, 0x0000000086900000|  0%| F|  |TAMS 0x0000000086800000, 0x0000000086800000| Untracked 
|  69|0x0000000086900000, 0x0000000086900000, 0x0000000086a00000|  0%| F|  |TAMS 0x0000000086900000, 0x0000000086900000| Untracked 
|  70|0x0000000086a00000, 0x0000000086a00000, 0x0000000086b00000|  0%| F|  |TAMS 0x0000000086a00000, 0x0000000086a00000| Untracked 
|  71|0x0000000086b00000, 0x0000000086b00000, 0x0000000086c00000|  0%| F|  |TAMS 0x0000000086b00000, 0x0000000086b00000| Untracked 
|  72|0x0000000086c00000, 0x0000000086c00000, 0x0000000086d00000|  0%| F|  |TAMS 0x0000000086c00000, 0x0000000086c00000| Untracked 
|  73|0x0000000086d00000, 0x0000000086d00000, 0x0000000086e00000|  0%| F|  |TAMS 0x0000000086d00000, 0x0000000086d00000| Untracked 
|  74|0x0000000086e00000, 0x0000000086e00000, 0x0000000086f00000|  0%| F|  |TAMS 0x0000000086e00000, 0x0000000086e00000| Untracked 
|  75|0x0000000086f00000, 0x0000000086f00000, 0x0000000087000000|  0%| F|  |TAMS 0x0000000086f00000, 0x0000000086f00000| Untracked 
|  76|0x0000000087000000, 0x0000000087000000, 0x0000000087100000|  0%| F|  |TAMS 0x0000000087000000, 0x0000000087000000| Untracked 
|  77|0x0000000087100000, 0x0000000087100000, 0x0000000087200000|  0%| F|  |TAMS 0x0000000087100000, 0x0000000087100000| Untracked 
|  78|0x0000000087200000, 0x0000000087200000, 0x0000000087300000|  0%| F|  |TAMS 0x0000000087200000, 0x0000000087200000| Untracked 
|  79|0x0000000087300000, 0x0000000087300000, 0x0000000087400000|  0%| F|  |TAMS 0x0000000087300000, 0x0000000087300000| Untracked 
|  80|0x0000000087400000, 0x0000000087400000, 0x0000000087500000|  0%| F|  |TAMS 0x0000000087400000, 0x0000000087400000| Untracked 
|  81|0x0000000087500000, 0x0000000087500000, 0x0000000087600000|  0%| F|  |TAMS 0x0000000087500000, 0x0000000087500000| Untracked 
|  82|0x0000000087600000, 0x0000000087600000, 0x0000000087700000|  0%| F|  |TAMS 0x0000000087600000, 0x0000000087600000| Untracked 
|  83|0x0000000087700000, 0x0000000087700000, 0x0000000087800000|  0%| F|  |TAMS 0x0000000087700000, 0x0000000087700000| Untracked 
|  84|0x0000000087800000, 0x0000000087800000, 0x0000000087900000|  0%| F|  |TAMS 0x0000000087800000, 0x0000000087800000| Untracked 
|  85|0x0000000087900000, 0x0000000087900000, 0x0000000087a00000|  0%| F|  |TAMS 0x0000000087900000, 0x0000000087900000| Untracked 
|  86|0x0000000087a00000, 0x0000000087a00000, 0x0000000087b00000|  0%| F|  |TAMS 0x0000000087a00000, 0x0000000087a00000| Untracked 
|  87|0x0000000087b00000, 0x0000000087b00000, 0x0000000087c00000|  0%| F|  |TAMS 0x0000000087b00000, 0x0000000087b00000| Untracked 
|  88|0x0000000087c00000, 0x0000000087c00000, 0x0000000087d00000|  0%| F|  |TAMS 0x0000000087c00000, 0x0000000087c00000| Untracked 
|  89|0x0000000087d00000, 0x0000000087e00000, 0x0000000087e00000|100%| S|CS|TAMS 0x0000000087d00000, 0x0000000087d00000| Complete 
|  90|0x0000000087e00000, 0x0000000087f00000, 0x0000000087f00000|100%| S|CS|TAMS 0x0000000087e00000, 0x0000000087e00000| Complete 
|  91|0x0000000087f00000, 0x0000000088000000, 0x0000000088000000|100%| S|CS|TAMS 0x0000000087f00000, 0x0000000087f00000| Complete 
|  92|0x0000000088000000, 0x0000000088100000, 0x0000000088100000|100%| S|CS|TAMS 0x0000000088000000, 0x0000000088000000| Complete 
|  93|0x0000000088100000, 0x0000000088200000, 0x0000000088200000|100%| S|CS|TAMS 0x0000000088100000, 0x0000000088100000| Complete 
|  94|0x0000000088200000, 0x0000000088300000, 0x0000000088300000|100%| S|CS|TAMS 0x0000000088200000, 0x0000000088200000| Complete 
|  95|0x0000000088300000, 0x0000000088400000, 0x0000000088400000|100%| S|CS|TAMS 0x0000000088300000, 0x0000000088300000| Complete 
|  96|0x0000000088400000, 0x0000000088400000, 0x0000000088500000|  0%| F|  |TAMS 0x0000000088400000, 0x0000000088400000| Untracked 
|  97|0x0000000088500000, 0x0000000088500000, 0x0000000088600000|  0%| F|  |TAMS 0x0000000088500000, 0x0000000088500000| Untracked 
|  98|0x0000000088600000, 0x0000000088600000, 0x0000000088700000|  0%| F|  |TAMS 0x0000000088600000, 0x0000000088600000| Untracked 
|  99|0x0000000088700000, 0x0000000088700000, 0x0000000088800000|  0%| F|  |TAMS 0x0000000088700000, 0x0000000088700000| Untracked 
| 100|0x0000000088800000, 0x0000000088800000, 0x0000000088900000|  0%| F|  |TAMS 0x0000000088800000, 0x0000000088800000| Untracked 
| 101|0x0000000088900000, 0x0000000088900000, 0x0000000088a00000|  0%| F|  |TAMS 0x0000000088900000, 0x0000000088900000| Untracked 
| 102|0x0000000088a00000, 0x0000000088a00000, 0x0000000088b00000|  0%| F|  |TAMS 0x0000000088a00000, 0x0000000088a00000| Untracked 
| 103|0x0000000088b00000, 0x0000000088b00000, 0x0000000088c00000|  0%| F|  |TAMS 0x0000000088b00000, 0x0000000088b00000| Untracked 
| 104|0x0000000088c00000, 0x0000000088c00000, 0x0000000088d00000|  0%| F|  |TAMS 0x0000000088c00000, 0x0000000088c00000| Untracked 
| 105|0x0000000088d00000, 0x0000000088d00000, 0x0000000088e00000|  0%| F|  |TAMS 0x0000000088d00000, 0x0000000088d00000| Untracked 
| 106|0x0000000088e00000, 0x0000000088e00000, 0x0000000088f00000|  0%| F|  |TAMS 0x0000000088e00000, 0x0000000088e00000| Untracked 
| 107|0x0000000088f00000, 0x0000000088f00000, 0x0000000089000000|  0%| F|  |TAMS 0x0000000088f00000, 0x0000000088f00000| Untracked 
| 108|0x0000000089000000, 0x0000000089000000, 0x0000000089100000|  0%| F|  |TAMS 0x0000000089000000, 0x0000000089000000| Untracked 
| 109|0x0000000089100000, 0x0000000089100000, 0x0000000089200000|  0%| F|  |TAMS 0x0000000089100000, 0x0000000089100000| Untracked 
| 110|0x0000000089200000, 0x0000000089200000, 0x0000000089300000|  0%| F|  |TAMS 0x0000000089200000, 0x0000000089200000| Untracked 
| 111|0x0000000089300000, 0x0000000089300000, 0x0000000089400000|  0%| F|  |TAMS 0x0000000089300000, 0x0000000089300000| Untracked 
| 112|0x0000000089400000, 0x0000000089400000, 0x0000000089500000|  0%| F|  |TAMS 0x0000000089400000, 0x0000000089400000| Untracked 
| 113|0x0000000089500000, 0x0000000089500000, 0x0000000089600000|  0%| F|  |TAMS 0x0000000089500000, 0x0000000089500000| Untracked 
| 114|0x0000000089600000, 0x0000000089600000, 0x0000000089700000|  0%| F|  |TAMS 0x0000000089600000, 0x0000000089600000| Untracked 
| 115|0x0000000089700000, 0x0000000089700000, 0x0000000089800000|  0%| F|  |TAMS 0x0000000089700000, 0x0000000089700000| Untracked 
| 116|0x0000000089800000, 0x0000000089800000, 0x0000000089900000|  0%| F|  |TAMS 0x0000000089800000, 0x0000000089800000| Untracked 
| 117|0x0000000089900000, 0x0000000089900000, 0x0000000089a00000|  0%| F|  |TAMS 0x0000000089900000, 0x0000000089900000| Untracked 
| 118|0x0000000089a00000, 0x0000000089a00000, 0x0000000089b00000|  0%| F|  |TAMS 0x0000000089a00000, 0x0000000089a00000| Untracked 
| 119|0x0000000089b00000, 0x0000000089b80800, 0x0000000089c00000| 50%| E|  |TAMS 0x0000000089b00000, 0x0000000089b00000| Complete 
| 120|0x0000000089c00000, 0x0000000089d00000, 0x0000000089d00000|100%| E|CS|TAMS 0x0000000089c00000, 0x0000000089c00000| Complete 
| 121|0x0000000089d00000, 0x0000000089e00000, 0x0000000089e00000|100%| E|CS|TAMS 0x0000000089d00000, 0x0000000089d00000| Complete 
| 122|0x0000000089e00000, 0x0000000089f00000, 0x0000000089f00000|100%| E|CS|TAMS 0x0000000089e00000, 0x0000000089e00000| Complete 
| 123|0x0000000089f00000, 0x000000008a000000, 0x000000008a000000|100%| E|CS|TAMS 0x0000000089f00000, 0x0000000089f00000| Complete 
| 124|0x000000008a000000, 0x000000008a100000, 0x000000008a100000|100%| E|CS|TAMS 0x000000008a000000, 0x000000008a000000| Complete 
| 125|0x000000008a100000, 0x000000008a200000, 0x000000008a200000|100%| E|CS|TAMS 0x000000008a100000, 0x000000008a100000| Complete 

Card table byte_map: [0x0000019db7d10000,0x0000019db8100000] _byte_map_base: 0x0000019db78fe000

Marking Bits (Prev, Next): (CMBitMap*) 0x0000019d9ef4e8d0, (CMBitMap*) 0x0000019d9ef4e898
 Prev Bits: [0x0000019dba460000, 0x0000019dbc3d0000)
 Next Bits: [0x0000019db84f0000, 0x0000019dba460000)

Polling page: 0x0000019d9f0b0000

Metaspace:

Usage:
  Non-class:     18.85 MB capacity,    18.41 MB ( 98%) used,   387.28 KB (  2%) free+waste,    68.12 KB ( <1%) overhead. 
      Class:      2.48 MB capacity,     2.21 MB ( 89%) used,   236.93 KB (  9%) free+waste,    35.25 KB (  1%) overhead. 
       Both:     21.33 MB capacity,    20.62 MB ( 97%) used,   624.21 KB (  3%) free+waste,   103.38 KB ( <1%) overhead. 

Virtual space:
  Non-class space:       20.00 MB reserved,      19.00 MB ( 95%) committed 
      Class space:        1.00 GB reserved,       2.50 MB ( <1%) committed 
             Both:        1.02 GB reserved,      21.50 MB (  2%) committed 

Chunk freelists:
   Non-Class:  3.12 KB
       Class:  2.50 KB
        Both:  5.62 KB

CodeHeap 'non-profiled nmethods': size=120000Kb used=755Kb max_used=755Kb free=119244Kb
 bounds [0x0000019daf990000, 0x0000019dafc00000, 0x0000019db6ec0000]
CodeHeap 'profiled nmethods': size=120000Kb used=4633Kb max_used=4633Kb free=115366Kb
 bounds [0x0000019da8460000, 0x0000019da88f0000, 0x0000019daf990000]
CodeHeap 'non-nmethods': size=5760Kb used=1129Kb max_used=1160Kb free=4630Kb
 bounds [0x0000019da7ec0000, 0x0000019da8130000, 0x0000019da8460000]
 total_blobs=2627 nmethods=2171 adapters=367
 compilation: enabled
              stopped_count=0, restarted_count=0
 full_count=0

Compilation events (10 events):
Event: 1.743 Thread 0x0000019dbf866800 2170       3       java.util.Formatter$FormatSpecifier::trailingSign (26 bytes)
Event: 1.743 Thread 0x0000019dbf866800 nmethod 2170 0x0000019da88e2c90 code [0x0000019da88e2e60, 0x0000019da88e3188]
Event: 1.743 Thread 0x0000019dbf866800 2157       3       java.time.zone.ZoneOffsetTransitionRule::<init> (79 bytes)
Event: 1.743 Thread 0x0000019dbf866800 nmethod 2157 0x0000019da88e3310 code [0x0000019da88e34c0, 0x0000019da88e38d8]
Event: 1.743 Thread 0x0000019dbf866800 2172       1       java.net.URLConnection::getUseCaches (5 bytes)
Event: 1.743 Thread 0x0000019dbf866800 nmethod 2172 0x0000019dafa45890 code [0x0000019dafa45a20, 0x0000019dafa45ad8]
Event: 1.744 Thread 0x0000019dbf866800 2173       2       org.apache.hc.core5.util.Args::notNull (6 bytes)
Event: 1.744 Thread 0x0000019dbf866800 nmethod 2173 0x0000019da88e3990 code [0x0000019da88e3b40, 0x0000019da88e3cc8]
Event: 1.745 Thread 0x0000019dbf866800 2174       2       java.util.concurrent.ConcurrentHashMap::<init> (73 bytes)
Event: 1.746 Thread 0x0000019dbf866800 nmethod 2174 0x0000019da88e3d90 code [0x0000019da88e3f60, 0x0000019da88e41f8]

GC Heap History (6 events):
Event: 0.941 GC heap before
{Heap before GC invocations=0 (full 0):
 garbage-first heap   total 129024K, used 25600K [0x0000000082400000, 0x0000000100000000)
  region size 1024K, 24 young (24576K), 0 survivors (0K)
 Metaspace       used 13699K, capacity 14080K, committed 14208K, reserved 1062912K
  class space    used 1404K, capacity 1542K, committed 1664K, reserved 1048576K
}
Event: 0.947 GC heap after
{Heap after GC invocations=1 (full 0):
 garbage-first heap   total 129024K, used 6299K [0x0000000082400000, 0x0000000100000000)
  region size 1024K, 3 young (3072K), 3 survivors (3072K)
 Metaspace       used 13699K, capacity 14080K, committed 14208K, reserved 1062912K
  class space    used 1404K, capacity 1542K, committed 1664K, reserved 1048576K
}
Event: 1.374 GC heap before
{Heap before GC invocations=1 (full 0):
 garbage-first heap   total 129024K, used 24731K [0x0000000082400000, 0x0000000100000000)
  region size 1024K, 21 young (21504K), 3 survivors (3072K)
 Metaspace       used 17833K, capacity 18485K, committed 18688K, reserved 1064960K
  class space    used 1922K, capacity 2187K, committed 2304K, reserved 1048576K
}
Event: 1.379 GC heap after
{Heap after GC invocations=2 (full 0):
 garbage-first heap   total 129024K, used 8064K [0x0000000082400000, 0x0000000100000000)
  region size 1024K, 2 young (2048K), 2 survivors (2048K)
 Metaspace       used 17833K, capacity 18485K, committed 18688K, reserved 1064960K
  class space    used 1922K, capacity 2187K, committed 2304K, reserved 1048576K
}
Event: 1.709 GC heap before
{Heap before GC invocations=2 (full 0):
 garbage-first heap   total 129024K, used 35712K [0x0000000082400000, 0x0000000100000000)
  region size 1024K, 30 young (30720K), 2 survivors (2048K)
 Metaspace       used 20429K, capacity 21090K, committed 21248K, reserved 1069056K
  class space    used 2176K, capacity 2437K, committed 2560K, reserved 1048576K
}
Event: 1.718 GC heap after
{Heap after GC invocations=3 (full 0):
 garbage-first heap   total 129024K, used 13709K [0x0000000082400000, 0x0000000100000000)
  region size 1024K, 7 young (7168K), 7 survivors (7168K)
 Metaspace       used 20429K, capacity 21090K, committed 21248K, reserved 1069056K
  class space    used 2176K, capacity 2437K, committed 2560K, reserved 1048576K
}

Deoptimization events (10 events):
Event: 1.505 Thread 0x0000019d9eff6000 Uncommon trap: reason=unstable_if action=reinterpret pc=0x0000019dafa06ac4 method=java.lang.String.indexOf(Ljava/lang/String;)I @ 8 c2
Event: 1.511 Thread 0x0000019d9eff6000 Uncommon trap: reason=unstable_if action=reinterpret pc=0x0000019dafa02c30 method=java.util.concurrent.ConcurrentHashMap.putVal(Ljava/lang/Object;Ljava/lang/Object;Z)Ljava/lang/Object; @ 245 c2
Event: 1.515 Thread 0x0000019d9eff6000 Uncommon trap: reason=unstable_if action=reinterpret pc=0x0000019dafa137b4 method=java.util.concurrent.ConcurrentHashMap.transfer([Ljava/util/concurrent/ConcurrentHashMap$Node;[Ljava/util/concurrent/ConcurrentHashMap$Node;)V @ 352 c2
Event: 1.563 Thread 0x0000019d9eff6000 Uncommon trap: reason=unstable_if action=reinterpret pc=0x0000019daf99b4d4 method=java.lang.StringLatin1.canEncode(I)Z @ 4 c2
Event: 1.563 Thread 0x0000019d9eff6000 Uncommon trap: reason=unstable_if action=reinterpret pc=0x0000019daf99ccb8 method=java.lang.AbstractStringBuilder.isLatin1()Z @ 10 c2
Event: 1.564 Thread 0x0000019d9eff6000 Uncommon trap: reason=unstable_if action=reinterpret pc=0x0000019daf9aa958 method=java.lang.AbstractStringBuilder.isLatin1()Z @ 10 c2
Event: 1.572 Thread 0x0000019d9eff6000 Uncommon trap: reason=unstable_if action=reinterpret pc=0x0000019daf9d03b4 method=java.lang.CharacterDataLatin1.digit(II)I @ 7 c2
Event: 1.572 Thread 0x0000019d9eff6000 Uncommon trap: reason=unstable_if action=reinterpret pc=0x0000019daf9d0030 method=java.lang.CharacterDataLatin1.digit(II)I @ 7 c2
Event: 1.575 Thread 0x0000019d9eff6000 Uncommon trap: reason=unstable_if action=reinterpret pc=0x0000019dafa260a0 method=java.util.concurrent.ConcurrentHashMap.putVal(Ljava/lang/Object;Ljava/lang/Object;Z)Ljava/lang/Object; @ 231 c2
Event: 1.588 Thread 0x0000019d9eff6000 Uncommon trap: reason=unstable_if action=reinterpret pc=0x0000019daf9bbc24 method=java.lang.String.equals(Ljava/lang/Object;)Z @ 27 c2

Classes redefined (0 events):
No events

Internal exceptions (10 events):
Event: 1.127 Thread 0x0000019d9eff6000 Exception <a 'java/lang/NoSuchMethodError'{0x0000000089fb4830}: java.lang.invoke.DirectMethodHandle$Holder.invokeStaticInit(Ljava/lang/Object;Ljava/lang/Object;IIII)Ljava/lang/Object;> (0x0000000089fb4830) thrown at [./open/src/hotspot/share/interpreter/l
Event: 1.161 Thread 0x0000019d9eff6000 Exception <a 'java/lang/NoSuchMethodError'{0x0000000089db6f38}: java.lang.invoke.DelegatingMethodHandle$Holder.delegate(Ljava/lang/Object;Ljava/lang/Object;ILjava/lang/Object;)V> (0x0000000089db6f38) thrown at [./open/src/hotspot/share/interpreter/linkRes
Event: 1.222 Thread 0x0000019d9eff6000 Exception <a 'java/lang/NoSuchMethodError'{0x0000000089991170}: java.lang.invoke.DirectMethodHandle$Holder.invokeInterface(Ljava/lang/Object;Ljava/lang/Object;Ljava/lang/Object;Ljava/lang/Object;)V> (0x0000000089991170) thrown at [./open/src/hotspot/share
Event: 1.222 Thread 0x0000019d9eff6000 Exception <a 'java/lang/IncompatibleClassChangeError'{0x0000000089993f30}: Found class java.lang.Object, but interface was expected> (0x0000000089993f30) thrown at [./open/src/hotspot/share/interpreter/linkResolver.cpp, line 838]
Event: 1.231 Thread 0x0000019d9eff6000 Exception <a 'java/lang/NoSuchMethodError'{0x0000000089827488}: java.lang.invoke.DirectMethodHandle$Holder.invokeStatic(Ljava/lang/Object;Ljava/lang/Object;Ljava/lang/Object;Ljava/lang/Object;Ljava/lang/Object;)I> (0x0000000089827488) thrown at [./open/sr
Event: 1.246 Thread 0x0000019d9eff6000 Exception <a 'java/lang/NoSuchMethodError'{0x000000008970c8d8}: java.lang.invoke.DirectMethodHandle$Holder.invokeStaticInit(Ljava/lang/Object;Ljava/lang/Object;Ljava/lang/Object;Ljava/lang/Object;)V> (0x000000008970c8d8) thrown at [./open/src/hotspot/shar
Event: 1.397 Thread 0x0000019d9eff6000 Exception <a 'sun/nio/fs/WindowsException'{0x0000000089f19fe0}> (0x0000000089f19fe0) thrown at [./open/src/hotspot/share/prims/jni.cpp, line 611]
Event: 1.404 Thread 0x0000019d9eff6000 Exception <a 'java/lang/NoSuchMethodError'{0x0000000089f412e0}: java.lang.invoke.DirectMethodHandle$Holder.invokeStaticInit(Ljava/lang/Object;Ljava/lang/Object;Ljava/lang/Object;Ljava/lang/Object;)I> (0x0000000089f412e0) thrown at [./open/src/hotspot/shar
Event: 1.404 Thread 0x0000019d9eff6000 Exception <a 'java/lang/IncompatibleClassChangeError'{0x0000000089f4a048}: Found class java.lang.Object, but interface was expected> (0x0000000089f4a048) thrown at [./open/src/hotspot/share/interpreter/linkResolver.cpp, line 838]
Event: 1.580 Thread 0x0000019d9eff6000 Exception <a 'java/lang/NoSuchMethodError'{0x0000000089487f38}: java.lang.invoke.DirectMethodHandle$Holder.invokeStatic(Ljava/lang/Object;Ljava/lang/Object;Ljava/lang/Object;Ljava/lang/Object;Ljava/lang/Object;)V> (0x0000000089487f38) thrown at [./open/sr

Events (10 events):
Event: 1.752 loading class java/util/concurrent/atomic/AtomicMarkableReference$Pair
Event: 1.752 loading class java/util/concurrent/atomic/AtomicMarkableReference$Pair done
Event: 1.752 loading class org/apache/hc/core5/http/message/BasicHeader
Event: 1.752 loading class org/apache/hc/core5/http/message/BasicHeader done
Event: 1.752 loading class org/apache/hc/client5/http/protocol/HttpClientContext
Event: 1.752 loading class org/apache/hc/client5/http/protocol/HttpClientContext done
Event: 1.752 loading class org/apache/hc/core5/http/protocol/HttpCoreContext
Event: 1.752 loading class org/apache/hc/core5/http/protocol/HttpCoreContext done
Event: 1.753 loading class org/apache/hc/core5/http/protocol/BasicHttpContext
Event: 1.753 loading class org/apache/hc/core5/http/protocol/BasicHttpContext done


Dynamic libraries:
0x00007ff662570000 - 0x00007ff662580000 	C:\Program Files\Java\jdk-11\bin\javaw.exe
0x00007fff08530000 - 0x00007fff08746000 	C:\WINDOWS\SYSTEM32\ntdll.dll
0x00007fff07ec0000 - 0x00007fff07f84000 	C:\WINDOWS\System32\KERNEL32.DLL
0x00007fff05eb0000 - 0x00007fff06257000 	C:\WINDOWS\System32\KERNELBASE.dll
0x00007fff05bf0000 - 0x00007fff05d01000 	C:\WINDOWS\System32\ucrtbase.dll
0x00007ffeefc10000 - 0x00007ffeefc2b000 	C:\Program Files\Java\jdk-11\bin\VCRUNTIME140.dll
0x00007ffeee620000 - 0x00007ffeee639000 	C:\Program Files\Java\jdk-11\bin\jli.dll
0x00007fff06790000 - 0x00007fff06842000 	C:\WINDOWS\System32\ADVAPI32.dll
0x00007fff072a0000 - 0x00007fff07347000 	C:\WINDOWS\System32\msvcrt.dll
0x00007fff07c20000 - 0x00007fff07cc8000 	C:\WINDOWS\System32\sechost.dll
0x00007fff05940000 - 0x00007fff05968000 	C:\WINDOWS\System32\bcrypt.dll
0x00007fff08220000 - 0x00007fff08335000 	C:\WINDOWS\System32\RPCRT4.dll
0x00007fff070e0000 - 0x00007fff0728e000 	C:\WINDOWS\System32\USER32.dll
0x00007fff05d10000 - 0x00007fff05d36000 	C:\WINDOWS\System32\win32u.dll
0x00007fff06f40000 - 0x00007fff06f69000 	C:\WINDOWS\System32\GDI32.dll
0x00007ffee7b50000 - 0x00007ffee7de3000 	C:\WINDOWS\WinSxS\amd64_microsoft.windows.common-controls_6595b64144ccf1df_6.0.22621.3235_none_270f74e173860f98\COMCTL32.dll
0x00007fff05970000 - 0x00007fff05a89000 	C:\WINDOWS\System32\gdi32full.dll
0x00007fff05a90000 - 0x00007fff05b2a000 	C:\WINDOWS\System32\msvcp_win.dll
0x00007ffef67a0000 - 0x00007ffef67aa000 	C:\WINDOWS\SYSTEM32\VERSION.dll
0x00007fff07e80000 - 0x00007fff07eb1000 	C:\WINDOWS\System32\IMM32.DLL
0x00007ffef0c40000 - 0x00007ffef0c4c000 	C:\Program Files\Java\jdk-11\bin\vcruntime140_1.dll
0x00007ffec2980000 - 0x00007ffec2a0e000 	C:\Program Files\Java\jdk-11\bin\msvcp140.dll
0x00007ffe61e40000 - 0x00007ffe629ad000 	C:\Program Files\Java\jdk-11\bin\server\jvm.dll
0x00007fff07c10000 - 0x00007fff07c18000 	C:\WINDOWS\System32\PSAPI.DLL
0x00007ffee9070000 - 0x00007ffee9079000 	C:\WINDOWS\SYSTEM32\WSOCK32.dll
0x00007ffefba00000 - 0x00007ffefba34000 	C:\WINDOWS\SYSTEM32\WINMM.dll
0x00007fff06700000 - 0x00007fff06771000 	C:\WINDOWS\System32\WS2_32.dll
0x00007fff04850000 - 0x00007fff04868000 	C:\WINDOWS\SYSTEM32\kernel.appcore.dll
0x00007ffef0780000 - 0x00007ffef0790000 	C:\Program Files\Java\jdk-11\bin\verify.dll
0x00007fff03060000 - 0x00007fff03293000 	C:\WINDOWS\SYSTEM32\DBGHELP.DLL
0x00007fff06850000 - 0x00007fff06bd8000 	C:\WINDOWS\System32\combase.dll
0x00007fff07000000 - 0x00007fff070d7000 	C:\WINDOWS\System32\OLEAUT32.dll
0x00007ffee4730000 - 0x00007ffee4762000 	C:\WINDOWS\SYSTEM32\dbgcore.DLL
0x00007fff05850000 - 0x00007fff058c9000 	C:\WINDOWS\System32\bcryptPrimitives.dll
0x00007ffee9a80000 - 0x00007ffee9aa8000 	C:\Program Files\Java\jdk-11\bin\java.dll
0x00007ffef02b0000 - 0x00007ffef02ba000 	C:\Program Files\Java\jdk-11\bin\jimage.dll
0x00007ffeee440000 - 0x00007ffeee457000 	C:\Program Files\Java\jdk-11\bin\zip.dll
0x00007fff07350000 - 0x00007fff07bac000 	C:\WINDOWS\System32\SHELL32.dll
0x00007fff03760000 - 0x00007fff04059000 	C:\WINDOWS\SYSTEM32\windows.storage.dll
0x00007fff03620000 - 0x00007fff0375e000 	C:\WINDOWS\SYSTEM32\wintypes.dll
0x00007fff06e40000 - 0x00007fff06f33000 	C:\WINDOWS\System32\SHCORE.dll
0x00007fff08150000 - 0x00007fff081ae000 	C:\WINDOWS\System32\shlwapi.dll
0x00007fff05780000 - 0x00007fff057a1000 	C:\WINDOWS\SYSTEM32\profapi.dll
0x00007ffeed260000 - 0x00007ffeed279000 	C:\Program Files\Java\jdk-11\bin\net.dll
0x00007ffefe540000 - 0x00007ffefe676000 	C:\WINDOWS\SYSTEM32\WINHTTP.dll
0x00007fff04cb0000 - 0x00007fff04d19000 	C:\WINDOWS\system32\mswsock.dll
0x00007ffee4710000 - 0x00007ffee4722000 	C:\Program Files\Java\jdk-11\bin\nio.dll
0x00007fff04f50000 - 0x00007fff04f6b000 	C:\WINDOWS\SYSTEM32\CRYPTSP.dll
0x00007fff047b0000 - 0x00007fff047e5000 	C:\WINDOWS\system32\rsaenh.dll
0x00007fff04d50000 - 0x00007fff04d78000 	C:\WINDOWS\SYSTEM32\USERENV.dll
0x00007fff04eb0000 - 0x00007fff04ebc000 	C:\WINDOWS\SYSTEM32\CRYPTBASE.dll
0x00007fff04300000 - 0x00007fff0432d000 	C:\WINDOWS\SYSTEM32\IPHLPAPI.DLL
0x00007fff07290000 - 0x00007fff07299000 	C:\WINDOWS\System32\NSI.dll
0x00007ffefe960000 - 0x00007ffefe979000 	C:\WINDOWS\SYSTEM32\dhcpcsvc6.DLL
0x00007ffefe2d0000 - 0x00007ffefe2ef000 	C:\WINDOWS\SYSTEM32\dhcpcsvc.DLL
0x00007fff04330000 - 0x00007fff04429000 	C:\WINDOWS\SYSTEM32\DNSAPI.dll
0x00007ffeefdb0000 - 0x00007ffeefdbe000 	C:\Program Files\Java\jdk-11\bin\sunmscapi.dll
0x00007fff05d40000 - 0x00007fff05ea7000 	C:\WINDOWS\System32\CRYPT32.dll
0x00007fff05100000 - 0x00007fff0512e000 	C:\WINDOWS\SYSTEM32\ncrypt.dll
0x00007fff05070000 - 0x00007fff050a7000 	C:\WINDOWS\SYSTEM32\NTASN1.dll
0x00007ffedf650000 - 0x00007ffedf677000 	C:\Program Files\Java\jdk-11\bin\sunec.dll

dbghelp: loaded successfully - version: 4.0.5 - missing functions: none
symbol engine: initialized successfully - sym options: 0x614 - pdb path: .;C:\Program Files\Java\jdk-11\bin;C:\WINDOWS\SYSTEM32;C:\WINDOWS\WinSxS\amd64_microsoft.windows.common-controls_6595b64144ccf1df_6.0.22621.3235_none_270f74e173860f98;C:\Program Files\Java\jdk-11\bin\server

VM Arguments:
jvm_args: -ea -Dfile.encoding=UTF-8 -Dstdout.encoding=UTF-8 -Dstderr.encoding=UTF-8 
java_command: org.eclipse.jdt.internal.junit.runner.RemoteTestRunner -version 3 -port 49634 -testLoaderClass org.eclipse.jdt.internal.junit5.runner.JUnit5TestLoader -loaderpluginname org.eclipse.jdt.junit5.runtime -classNames com.adactin.runner.Runner
java_class_path (initial): C:\Users\Tony\eclipse-workspace1\Cucumber\target\test-classes;C:\Users\Tony\eclipse-workspace1\Cucumber\target\classes;C:\Users\Tony\.p2\pool\plugins\junit-jupiter-api_5.10.2.jar;C:\Users\Tony\.p2\pool\plugins\junit-jupiter-engine_5.10.2.jar;C:\Users\Tony\.p2\pool\plugins\junit-jupiter-migrationsupport_5.10.2.jar;C:\Users\Tony\.p2\pool\plugins\junit-jupiter-params_5.10.2.jar;C:\Users\Tony\.p2\pool\plugins\junit-platform-commons_1.10.2.jar;C:\Users\Tony\.p2\pool\plugins\junit-platform-engine_1.10.2.jar;C:\Users\Tony\.p2\pool\plugins\junit-platform-launcher_1.10.2.jar;C:\Users\Tony\.p2\pool\plugins\junit-platform-runner_1.10.2.jar;C:\Users\Tony\.p2\pool\plugins\junit-platform-suite-api_1.10.2.jar;C:\Users\Tony\.p2\pool\plugins\junit-platform-suite-engine_1.10.2.jar;C:\Users\Tony\.p2\pool\plugins\junit-platform-suite-commons_1.10.2.jar;C:\Users\Tony\.p2\pool\plugins\junit-vintage-engine_5.10.2.jar;C:\Users\Tony\.p2\pool\plugins\org.opentest4j_1.3.0.jar;C:\Users\Tony\.p2\pool\plugins\org.apiguardian.api_1.1.2.jar;C:\Users\Tony\.p2\pool\plugins\org.junit_4.13.2.v20230809-1000.jar;C:\Users\Tony\.p2\pool\plugins\org.hamcrest_2.2.0.jar;C:\Users\Tony\.p2\pool\plugins\org.hamcrest.core_2.2.0.v20230809-1000.jar;C:\Users\Tony\.m2\repository\org\junit\jupiter\junit-jupiter-engine\5.7.1\junit-jupiter-engine-5.7.1.jar;C:\Users\Tony\.m2\repository\org\apiguardian\apiguardian-api\1.1.0\apiguardian-api-1.1.0.jar;C:\Users\Tony\.m2\repository\org\junit\platform\junit-platform-engine\1.7.1\junit-platform-engine-1.7.1.jar;C:\Users\Tony\.m2\repository\org\opentest4j\opentest4j\1.2.0\opentest4j-1.2.0.jar;C:\Users\Tony\.m2\repository\org\junit\platform\junit-platform-commons\1.7.1\junit-platform-commons-1.7.1.jar;C:\Users\Tony\.m2\repository\org\junit\jupiter\junit-jupiter-api\5.7.1\junit-jupiter-api-5.7.1.jar;C:\Users\Tony\.m2\repository\org\junit\jupiter\junit-jupiter-params\5.7.1\junit-jupiter-params-5.7.1.jar;C:\Users\Tony\.m2\repository\org\seleniumhq\selen
Launcher Type: SUN_STANDARD

[Global flags]
     intx CICompilerCount                          = 4                                         {product} {ergonomic}
     uint ConcGCThreads                            = 2                                         {product} {ergonomic}
     uint G1ConcRefinementThreads                  = 8                                         {product} {ergonomic}
   size_t G1HeapRegionSize                         = 1048576                                   {product} {ergonomic}
    uintx GCDrainStackTargetSize                   = 64                                        {product} {ergonomic}
   size_t InitialHeapSize                          = 132120576                                 {product} {ergonomic}
   size_t MarkStackSize                            = 4194304                                   {product} {ergonomic}
   size_t MaxHeapSize                              = 2109734912                                {product} {ergonomic}
   size_t MaxNewSize                               = 1265631232                                {product} {ergonomic}
   size_t MinHeapDeltaBytes                        = 1048576                                   {product} {ergonomic}
    uintx NonNMethodCodeHeapSize                   = 5836300                                {pd product} {ergonomic}
    uintx NonProfiledCodeHeapSize                  = 122910970                              {pd product} {ergonomic}
    uintx ProfiledCodeHeapSize                     = 122910970                              {pd product} {ergonomic}
    uintx ReservedCodeCacheSize                    = 251658240                              {pd product} {ergonomic}
     bool SegmentedCodeCache                       = true                                      {product} {ergonomic}
     bool UseCompressedClassPointers               = true                                 {lp64_product} {ergonomic}
     bool UseCompressedOops                        = true                                 {lp64_product} {ergonomic}
     bool UseG1GC                                  = true                                      {product} {ergonomic}
     bool UseLargePagesIndividualAllocation        = false                                  {pd product} {ergonomic}

Logging:
Log output configuration:
 #0: stdout all=warning uptime,level,tags
 #1: stderr all=off uptime,level,tags

Environment Variables:
PATH=C:/Users/Tony/.p2/pool/plugins/org.eclipse.justj.openjdk.hotspot.jre.full.win32.x86_64_17.0.10.v20240120-1143/jre/bin/server;C:/Users/Tony/.p2/pool/plugins/org.eclipse.justj.openjdk.hotspot.jre.full.win32.x86_64_17.0.10.v20240120-1143/jre/bin;C:\Python312\Scripts\;C:\Python312\;C:\Program Files\Common Files\Oracle\Java\javapath;C:\WINDOWS\system32;C:\WINDOWS;C:\WINDOWS\System32\Wbem;C:\WINDOWS\System32\WindowsPowerShell\v1.0\;C:\WINDOWS\System32\OpenSSH\;C:\Program Files\Intel\WiFi\bin\;C:\Program Files\Common Files\Intel\WirelessCommon\;C:\Program Files\dotnet\;C:\Program Files\nodejs\;C:\ProgramData\chocolatey\bin;C:\Users\Tony\AppData\Roaming\.dotnet;C:\Users\Tony\AppData\Local\Microsoft\WindowsApps;;C:\Users\Tony\AppData\Local\Programs\Microsoft VS Code\bin;C:\Users\Tony\.dotnet\tools;C:\Users\Tony\AppData\Roaming\npm;C:\Users\Tony\Desktop;
USERNAME=Tony
OS=Windows_NT
PROCESSOR_IDENTIFIER=Intel64 Family 6 Model 142 Stepping 12, GenuineIntel



---------------  S Y S T E M  ---------------

OS: Windows 11 , 64 bit Build 22621 (10.0.22621.3374)
Hyper-V role detected

CPU:total 8 (initial active 8) (4 cores per cpu, 2 threads per core) family 6 model 142 stepping 12 microcode 0xde, cmov, cx8, fxsr, mmx, sse, sse2, sse3, ssse3, sse4.1, sse4.2, popcnt, avx, avx2, aes, clmul, erms, 3dnowpref, lzcnt, ht, tsc, tscinvbit, bmi1, bmi2, adx, fma

Memory: 4k page, system-wide physical 8043M (648M free)
TotalPageFile size 10091M (AvailPageFile size 5M)
current process WorkingSet (physical memory assigned to process): 139M, peak: 139M
current process commit charge ("private bytes"): 263M, peak: 263M

vm_info: Java HotSpot(TM) 64-Bit Server VM (11.0.21+9-LTS-193) for windows-amd64 JRE (11.0.21+9-LTS-193), built on Sep 13 2023 11:04:38 by "mach5one" with MS VC++ 17.1 (VS2022)

END.
