#
# There is insufficient memory for the Java Runtime Environment to continue.
# Native memory allocation (malloc) failed to allocate 832336 bytes for Chunk::new
# Possible reasons:
#   The system is out of physical RAM or swap space
#   The process is running with CompressedOops enabled, and the Java Heap may be blocking the growth of the native heap
# Possible solutions:
#   Reduce memory load on the system
#   Increase physical memory or swap space
#   Check if swap backing store is full
#   Decrease Java heap size (-Xmx/-Xms)
#   Decrease number of Java threads
#   Decrease Java thread stack sizes (-Xss)
#   Set larger code cache with -XX:ReservedCodeCacheSize=
#   JVM is running with Unscaled Compressed Oops mode in which the Java heap is
#     placed in the first 4GB address space. The Java Heap base address is the
#     maximum limit for the native heap growth. Please use -XX:HeapBaseMinAddress
#     to set the Java Heap base and to place the Java Heap above 4GB virtual address.
# This output file may be truncated or incomplete.
#
#  Out of Memory Error (./open/src/hotspot/share/memory/arena.cpp:197), pid=20036, tid=16624
#
# JRE version: Java(TM) SE Runtime Environment 18.9 (11.0.21+9) (build 11.0.21+9-LTS-193)
# Java VM: Java HotSpot(TM) 64-Bit Server VM 18.9 (11.0.21+9-LTS-193, mixed mode, tiered, compressed oops, g1 gc, windows-amd64)
# No core dump will be written. Minidumps are not enabled by default on client versions of Windows
#

---------------  S U M M A R Y ------------

Command Line: -ea -Dfile.encoding=UTF-8 -Dstdout.encoding=UTF-8 -Dstderr.encoding=UTF-8 org.eclipse.jdt.internal.junit.runner.RemoteTestRunner -version 3 -port 49715 -testLoaderClass org.eclipse.jdt.internal.junit5.runner.JUnit5TestLoader -loaderpluginname org.eclipse.jdt.junit5.runtime -classNames com.adactin.runner.Runner

Host: Intel(R) Core(TM) i5-8265U CPU @ 1.60GHz, 8 cores, 7G,  Windows 11 , 64 bit Build 22621 (10.0.22621.3374)
Time: Mon May 13 18:31:23 2024 India Standard Time elapsed time: 6.855770 seconds (0d 0h 0m 6s)

---------------  T H R E A D  ---------------

Current thread (0x000002afdc342000):  JavaThread "C2 CompilerThread0" daemon [_thread_in_native, id=16624, stack(0x000000c5e6800000,0x000000c5e6900000)]


Current CompileTask:
C2:   6855 2879       4       jdk.internal.loader.URLClassPath::getResource (74 bytes)

Stack: [0x000000c5e6800000,0x000000c5e6900000]
Native frames: (J=compiled Java code, j=interpreted, Vv=VM code, C=native code)
V  [jvm.dll+0x66058a]
V  [jvm.dll+0x7a362f]
V  [jvm.dll+0x7a4cf9]
V  [jvm.dll+0x7a5393]
V  [jvm.dll+0x258f55]
V  [jvm.dll+0xb2a0c]
V  [jvm.dll+0xb2fcc]
V  [jvm.dll+0x367771]
V  [jvm.dll+0x330445]
V  [jvm.dll+0x32f82a]
V  [jvm.dll+0x211c3d]
V  [jvm.dll+0x210c08]
V  [jvm.dll+0x18cdb1]
V  [jvm.dll+0x220e99]
V  [jvm.dll+0x21f1bc]
V  [jvm.dll+0x7673c1]
V  [jvm.dll+0x75fc44]
V  [jvm.dll+0x65f435]
C  [ucrtbase.dll+0x29333]
C  [KERNEL32.DLL+0x1257d]
C  [ntdll.dll+0x5aa48]


---------------  P R O C E S S  ---------------

Threads class SMR info:
_java_thread_list=0x000002afdcc44d80, length=17, elements={
0x000002afbdabe800, 0x000002afdb9e7800, 0x000002afdb9e8000, 0x000002afdc332800,
0x000002afdc335000, 0x000002afdc338800, 0x000002afdc342000, 0x000002afdc347800,
0x000002afdc34b000, 0x000002afdc4e4800, 0x000002afdc8b3000, 0x000002afdcc57000,
0x000002afdd3fa000, 0x000002afdecaa800, 0x000002afdcc54800, 0x000002afdcc55000,
0x000002afdd4db000
}

Java Threads: ( => current thread )
  0x000002afbdabe800 JavaThread "Forwarding newSession on session null to remote" [_thread_in_native, id=23700, stack(0x000000c5e5c00000,0x000000c5e5d00000)]
  0x000002afdb9e7800 JavaThread "Reference Handler" daemon [_thread_blocked, id=23248, stack(0x000000c5e6300000,0x000000c5e6400000)]
  0x000002afdb9e8000 JavaThread "Finalizer" daemon [_thread_blocked, id=22624, stack(0x000000c5e6400000,0x000000c5e6500000)]
  0x000002afdc332800 JavaThread "Signal Dispatcher" daemon [_thread_blocked, id=19888, stack(0x000000c5e6500000,0x000000c5e6600000)]
  0x000002afdc335000 JavaThread "Attach Listener" daemon [_thread_blocked, id=25524, stack(0x000000c5e6600000,0x000000c5e6700000)]
  0x000002afdc338800 JavaThread "Service Thread" daemon [_thread_blocked, id=20900, stack(0x000000c5e6700000,0x000000c5e6800000)]
=>0x000002afdc342000 JavaThread "C2 CompilerThread0" daemon [_thread_in_native, id=16624, stack(0x000000c5e6800000,0x000000c5e6900000)]
  0x000002afdc347800 JavaThread "C1 CompilerThread0" daemon [_thread_blocked, id=24832, stack(0x000000c5e6900000,0x000000c5e6a00000)]
  0x000002afdc34b000 JavaThread "Sweeper thread" daemon [_thread_blocked, id=17324, stack(0x000000c5e6a00000,0x000000c5e6b00000)]
  0x000002afdc4e4800 JavaThread "Common-Cleaner" daemon [_thread_blocked, id=22068, stack(0x000000c5e6c00000,0x000000c5e6d00000)]
  0x000002afdc8b3000 JavaThread "ReaderThread" [_thread_in_native, id=19336, stack(0x000000c5e6e00000,0x000000c5e6f00000)]
  0x000002afdcc57000 JavaThread "Exec Default Executor" daemon [_thread_in_native, id=17192, stack(0x000000c5e6d00000,0x000000c5e6e00000)]
  0x000002afdd3fa000 JavaThread "UrlChecker-2" daemon [_thread_blocked, id=24336, stack(0x000000c5e7200000,0x000000c5e7300000)]
  0x000002afdecaa800 JavaThread "Exec Stream Pumper" daemon [_thread_in_native, id=21052, stack(0x000000c5e7500000,0x000000c5e7600000)]
  0x000002afdcc54800 JavaThread "Exec Stream Pumper" daemon [_thread_in_native, id=19560, stack(0x000000c5e7600000,0x000000c5e7700000)]
  0x000002afdcc55000 JavaThread "Keep-Alive-Timer" daemon [_thread_blocked, id=23572, stack(0x000000c5e7700000,0x000000c5e7800000)]
  0x000002afdd4db000 JavaThread "C2 CompilerThread1" daemon [_thread_in_native, id=25492, stack(0x000000c5e7800000,0x000000c5e7900000)]

Other Threads:
  0x000002afdb9b2000 VMThread "VM Thread" [stack: 0x000000c5e6200000,0x000000c5e6300000] [id=15684]
  0x000002afdc4d7000 WatcherThread [stack: 0x000000c5e6b00000,0x000000c5e6c00000] [id=25028]
  0x000002afbdad4800 GCTaskThread "GC Thread#0" [stack: 0x000000c5e5d00000,0x000000c5e5e00000] [id=8500]
  0x000002afdd0ad000 GCTaskThread "GC Thread#1" [stack: 0x000000c5e6f00000,0x000000c5e7000000] [id=10396]
  0x000002afdccc5800 GCTaskThread "GC Thread#2" [stack: 0x000000c5e7000000,0x000000c5e7100000] [id=3900]
  0x000002afdd293800 GCTaskThread "GC Thread#3" [stack: 0x000000c5e7100000,0x000000c5e7200000] [id=14612]
  0x000002afbdb05800 ConcurrentGCThread "G1 Main Marker" [stack: 0x000000c5e5e00000,0x000000c5e5f00000] [id=25364]
  0x000002afbdb07800 ConcurrentGCThread "G1 Conc#0" [stack: 0x000000c5e5f00000,0x000000c5e6000000] [id=21760]
  0x000002afdd455000 ConcurrentGCThread "G1 Conc#1" [stack: 0x000000c5e7300000,0x000000c5e7400000] [id=17000]
  0x000002afdb81c800 ConcurrentGCThread "G1 Refine#0" [stack: 0x000000c5e6000000,0x000000c5e6100000] [id=11508]
  0x000002afdb81d800 ConcurrentGCThread "G1 Young RemSet Sampling" [stack: 0x000000c5e6100000,0x000000c5e6200000] [id=23580]

Threads with active compile tasks:
C2 CompilerThread0     6872 2879       4       jdk.internal.loader.URLClassPath::getResource (74 bytes)
C2 CompilerThread1     6872 2870       4       java.lang.invoke.MethodType::makeImpl (108 bytes)

VM state:not at safepoint (normal execution)

VM Mutex/Monitor currently owned by a thread: None

Heap address: 0x0000000082400000, size: 2012 MB, Compressed Oops mode: 32-bit
Narrow klass base: 0x0000000000000000, Narrow klass shift: 3
Compressed class space size: 1073741824 Address: 0x0000000100000000

Heap:
 garbage-first heap   total 129024K, used 29607K [0x0000000082400000, 0x0000000100000000)
  region size 1024K, 23 young (23552K), 8 survivors (8192K)
 Metaspace       used 29159K, capacity 30077K, committed 30208K, reserved 1075200K
  class space    used 3363K, capacity 3746K, committed 3840K, reserved 1048576K
Heap Regions: E=young(eden), S=young(survivor), O=old, HS=humongous(starts), HC=humongous(continues), CS=collection set, F=free, A=archive, TAMS=top-at-mark-start (previous, next)
|   0|0x0000000082400000, 0x0000000082500000, 0x0000000082500000|100%|HS|  |TAMS 0x0000000082500000, 0x0000000082400000| Complete 
|   1|0x0000000082500000, 0x0000000082600000, 0x0000000082600000|100%| O|  |TAMS 0x0000000082600000, 0x0000000082500000| Untracked 
|   2|0x0000000082600000, 0x0000000082700000, 0x0000000082700000|100%| O|  |TAMS 0x0000000082700000, 0x0000000082600000| Untracked 
|   3|0x0000000082700000, 0x0000000082800000, 0x0000000082800000|100%| O|  |TAMS 0x0000000082800000, 0x0000000082700000| Untracked 
|   4|0x0000000082800000, 0x0000000082900000, 0x0000000082900000|100%| O|  |TAMS 0x0000000082900000, 0x0000000082800000| Untracked 
|   5|0x0000000082900000, 0x0000000082a00000, 0x0000000082a00000|100%| O|  |TAMS 0x0000000082a00000, 0x0000000082900000| Untracked 
|   6|0x0000000082a00000, 0x0000000082ae9c00, 0x0000000082b00000| 91%| O|  |TAMS 0x0000000082a0fc00, 0x0000000082a00000| Untracked 
|   7|0x0000000082b00000, 0x0000000082b00000, 0x0000000082c00000|  0%| F|  |TAMS 0x0000000082b00000, 0x0000000082b00000| Untracked 
|   8|0x0000000082c00000, 0x0000000082c00000, 0x0000000082d00000|  0%| F|  |TAMS 0x0000000082c00000, 0x0000000082c00000| Untracked 
|   9|0x0000000082d00000, 0x0000000082d00000, 0x0000000082e00000|  0%| F|  |TAMS 0x0000000082d00000, 0x0000000082d00000| Untracked 
|  10|0x0000000082e00000, 0x0000000082e00000, 0x0000000082f00000|  0%| F|  |TAMS 0x0000000082e00000, 0x0000000082e00000| Untracked 
|  11|0x0000000082f00000, 0x0000000082f00000, 0x0000000083000000|  0%| F|  |TAMS 0x0000000082f00000, 0x0000000082f00000| Untracked 
|  12|0x0000000083000000, 0x0000000083000000, 0x0000000083100000|  0%| F|  |TAMS 0x0000000083000000, 0x0000000083000000| Untracked 
|  13|0x0000000083100000, 0x0000000083100000, 0x0000000083200000|  0%| F|  |TAMS 0x0000000083100000, 0x0000000083100000| Untracked 
|  14|0x0000000083200000, 0x0000000083200000, 0x0000000083300000|  0%| F|  |TAMS 0x0000000083200000, 0x0000000083200000| Untracked 
|  15|0x0000000083300000, 0x0000000083300000, 0x0000000083400000|  0%| F|  |TAMS 0x0000000083300000, 0x0000000083300000| Untracked 
|  16|0x0000000083400000, 0x0000000083400000, 0x0000000083500000|  0%| F|  |TAMS 0x0000000083400000, 0x0000000083400000| Untracked 
|  17|0x0000000083500000, 0x0000000083500000, 0x0000000083600000|  0%| F|  |TAMS 0x0000000083500000, 0x0000000083500000| Untracked 
|  18|0x0000000083600000, 0x0000000083600000, 0x0000000083700000|  0%| F|  |TAMS 0x0000000083600000, 0x0000000083600000| Untracked 
|  19|0x0000000083700000, 0x0000000083700000, 0x0000000083800000|  0%| F|  |TAMS 0x0000000083700000, 0x0000000083700000| Untracked 
|  20|0x0000000083800000, 0x0000000083800000, 0x0000000083900000|  0%| F|  |TAMS 0x0000000083800000, 0x0000000083800000| Untracked 
|  21|0x0000000083900000, 0x0000000083900000, 0x0000000083a00000|  0%| F|  |TAMS 0x0000000083900000, 0x0000000083900000| Untracked 
|  22|0x0000000083a00000, 0x0000000083a00000, 0x0000000083b00000|  0%| F|  |TAMS 0x0000000083a00000, 0x0000000083a00000| Untracked 
|  23|0x0000000083b00000, 0x0000000083b00000, 0x0000000083c00000|  0%| F|  |TAMS 0x0000000083b00000, 0x0000000083b00000| Untracked 
|  24|0x0000000083c00000, 0x0000000083c00000, 0x0000000083d00000|  0%| F|  |TAMS 0x0000000083c00000, 0x0000000083c00000| Untracked 
|  25|0x0000000083d00000, 0x0000000083d00000, 0x0000000083e00000|  0%| F|  |TAMS 0x0000000083d00000, 0x0000000083d00000| Untracked 
|  26|0x0000000083e00000, 0x0000000083e00000, 0x0000000083f00000|  0%| F|  |TAMS 0x0000000083e00000, 0x0000000083e00000| Untracked 
|  27|0x0000000083f00000, 0x0000000083f00000, 0x0000000084000000|  0%| F|  |TAMS 0x0000000083f00000, 0x0000000083f00000| Untracked 
|  28|0x0000000084000000, 0x0000000084000000, 0x0000000084100000|  0%| F|  |TAMS 0x0000000084000000, 0x0000000084000000| Untracked 
|  29|0x0000000084100000, 0x0000000084100000, 0x0000000084200000|  0%| F|  |TAMS 0x0000000084100000, 0x0000000084100000| Untracked 
|  30|0x0000000084200000, 0x0000000084200000, 0x0000000084300000|  0%| F|  |TAMS 0x0000000084200000, 0x0000000084200000| Untracked 
|  31|0x0000000084300000, 0x0000000084300000, 0x0000000084400000|  0%| F|  |TAMS 0x0000000084300000, 0x0000000084300000| Untracked 
|  32|0x0000000084400000, 0x0000000084400000, 0x0000000084500000|  0%| F|  |TAMS 0x0000000084400000, 0x0000000084400000| Untracked 
|  33|0x0000000084500000, 0x0000000084500000, 0x0000000084600000|  0%| F|  |TAMS 0x0000000084500000, 0x0000000084500000| Untracked 
|  34|0x0000000084600000, 0x0000000084600000, 0x0000000084700000|  0%| F|  |TAMS 0x0000000084600000, 0x0000000084600000| Untracked 
|  35|0x0000000084700000, 0x0000000084700000, 0x0000000084800000|  0%| F|  |TAMS 0x0000000084700000, 0x0000000084700000| Untracked 
|  36|0x0000000084800000, 0x0000000084800000, 0x0000000084900000|  0%| F|  |TAMS 0x0000000084800000, 0x0000000084800000| Untracked 
|  37|0x0000000084900000, 0x0000000084900000, 0x0000000084a00000|  0%| F|  |TAMS 0x0000000084900000, 0x0000000084900000| Untracked 
|  38|0x0000000084a00000, 0x0000000084a00000, 0x0000000084b00000|  0%| F|  |TAMS 0x0000000084a00000, 0x0000000084a00000| Untracked 
|  39|0x0000000084b00000, 0x0000000084b00000, 0x0000000084c00000|  0%| F|  |TAMS 0x0000000084b00000, 0x0000000084b00000| Untracked 
|  40|0x0000000084c00000, 0x0000000084c00000, 0x0000000084d00000|  0%| F|  |TAMS 0x0000000084c00000, 0x0000000084c00000| Untracked 
|  41|0x0000000084d00000, 0x0000000084d00000, 0x0000000084e00000|  0%| F|  |TAMS 0x0000000084d00000, 0x0000000084d00000| Untracked 
|  42|0x0000000084e00000, 0x0000000084e00000, 0x0000000084f00000|  0%| F|  |TAMS 0x0000000084e00000, 0x0000000084e00000| Untracked 
|  43|0x0000000084f00000, 0x0000000084f00000, 0x0000000085000000|  0%| F|  |TAMS 0x0000000084f00000, 0x0000000084f00000| Untracked 
|  44|0x0000000085000000, 0x0000000085000000, 0x0000000085100000|  0%| F|  |TAMS 0x0000000085000000, 0x0000000085000000| Untracked 
|  45|0x0000000085100000, 0x0000000085100000, 0x0000000085200000|  0%| F|  |TAMS 0x0000000085100000, 0x0000000085100000| Untracked 
|  46|0x0000000085200000, 0x0000000085200000, 0x0000000085300000|  0%| F|  |TAMS 0x0000000085200000, 0x0000000085200000| Untracked 
|  47|0x0000000085300000, 0x0000000085300000, 0x0000000085400000|  0%| F|  |TAMS 0x0000000085300000, 0x0000000085300000| Untracked 
|  48|0x0000000085400000, 0x0000000085400000, 0x0000000085500000|  0%| F|  |TAMS 0x0000000085400000, 0x0000000085400000| Untracked 
|  49|0x0000000085500000, 0x0000000085500000, 0x0000000085600000|  0%| F|  |TAMS 0x0000000085500000, 0x0000000085500000| Untracked 
|  50|0x0000000085600000, 0x0000000085600000, 0x0000000085700000|  0%| F|  |TAMS 0x0000000085600000, 0x0000000085600000| Untracked 
|  51|0x0000000085700000, 0x0000000085700000, 0x0000000085800000|  0%| F|  |TAMS 0x0000000085700000, 0x0000000085700000| Untracked 
|  52|0x0000000085800000, 0x0000000085800000, 0x0000000085900000|  0%| F|  |TAMS 0x0000000085800000, 0x0000000085800000| Untracked 
|  53|0x0000000085900000, 0x0000000085900000, 0x0000000085a00000|  0%| F|  |TAMS 0x0000000085900000, 0x0000000085900000| Untracked 
|  54|0x0000000085a00000, 0x0000000085a00000, 0x0000000085b00000|  0%| F|  |TAMS 0x0000000085a00000, 0x0000000085a00000| Untracked 
|  55|0x0000000085b00000, 0x0000000085b00000, 0x0000000085c00000|  0%| F|  |TAMS 0x0000000085b00000, 0x0000000085b00000| Untracked 
|  56|0x0000000085c00000, 0x0000000085c00000, 0x0000000085d00000|  0%| F|  |TAMS 0x0000000085c00000, 0x0000000085c00000| Untracked 
|  57|0x0000000085d00000, 0x0000000085e00000, 0x0000000085e00000|100%| S|CS|TAMS 0x0000000085d00000, 0x0000000085d00000| Complete 
|  58|0x0000000085e00000, 0x0000000085f00000, 0x0000000085f00000|100%| S|CS|TAMS 0x0000000085e00000, 0x0000000085e00000| Complete 
|  59|0x0000000085f00000, 0x0000000086000000, 0x0000000086000000|100%| S|CS|TAMS 0x0000000085f00000, 0x0000000085f00000| Complete 
|  60|0x0000000086000000, 0x0000000086100000, 0x0000000086100000|100%| S|CS|TAMS 0x0000000086000000, 0x0000000086000000| Complete 
|  61|0x0000000086100000, 0x0000000086200000, 0x0000000086200000|100%| S|CS|TAMS 0x0000000086100000, 0x0000000086100000| Complete 
|  62|0x0000000086200000, 0x0000000086300000, 0x0000000086300000|100%| S|CS|TAMS 0x0000000086200000, 0x0000000086200000| Complete 
|  63|0x0000000086300000, 0x0000000086400000, 0x0000000086400000|100%| S|CS|TAMS 0x0000000086300000, 0x0000000086300000| Complete 
|  64|0x0000000086400000, 0x0000000086500000, 0x0000000086500000|100%| S|CS|TAMS 0x0000000086400000, 0x0000000086400000| Complete 
|  65|0x0000000086500000, 0x0000000086500000, 0x0000000086600000|  0%| F|  |TAMS 0x0000000086500000, 0x0000000086500000| Untracked 
|  66|0x0000000086600000, 0x0000000086600000, 0x0000000086700000|  0%| F|  |TAMS 0x0000000086600000, 0x0000000086600000| Untracked 
|  67|0x0000000086700000, 0x0000000086700000, 0x0000000086800000|  0%| F|  |TAMS 0x0000000086700000, 0x0000000086700000| Untracked 
|  68|0x0000000086800000, 0x0000000086800000, 0x0000000086900000|  0%| F|  |TAMS 0x0000000086800000, 0x0000000086800000| Untracked 
|  69|0x0000000086900000, 0x0000000086900000, 0x0000000086a00000|  0%| F|  |TAMS 0x0000000086900000, 0x0000000086900000| Untracked 
|  70|0x0000000086a00000, 0x0000000086a00000, 0x0000000086b00000|  0%| F|  |TAMS 0x0000000086a00000, 0x0000000086a00000| Untracked 
|  71|0x0000000086b00000, 0x0000000086b00000, 0x0000000086c00000|  0%| F|  |TAMS 0x0000000086b00000, 0x0000000086b00000| Untracked 
|  72|0x0000000086c00000, 0x0000000086c00000, 0x0000000086d00000|  0%| F|  |TAMS 0x0000000086c00000, 0x0000000086c00000| Untracked 
|  73|0x0000000086d00000, 0x0000000086d00000, 0x0000000086e00000|  0%| F|  |TAMS 0x0000000086d00000, 0x0000000086d00000| Untracked 
|  74|0x0000000086e00000, 0x0000000086e00000, 0x0000000086f00000|  0%| F|  |TAMS 0x0000000086e00000, 0x0000000086e00000| Untracked 
|  75|0x0000000086f00000, 0x0000000086f00000, 0x0000000087000000|  0%| F|  |TAMS 0x0000000086f00000, 0x0000000086f00000| Untracked 
|  76|0x0000000087000000, 0x0000000087000000, 0x0000000087100000|  0%| F|  |TAMS 0x0000000087000000, 0x0000000087000000| Untracked 
|  77|0x0000000087100000, 0x0000000087100000, 0x0000000087200000|  0%| F|  |TAMS 0x0000000087100000, 0x0000000087100000| Untracked 
|  78|0x0000000087200000, 0x0000000087200000, 0x0000000087300000|  0%| F|  |TAMS 0x0000000087200000, 0x0000000087200000| Untracked 
|  79|0x0000000087300000, 0x0000000087300000, 0x0000000087400000|  0%| F|  |TAMS 0x0000000087300000, 0x0000000087300000| Untracked 
|  80|0x0000000087400000, 0x0000000087400000, 0x0000000087500000|  0%| F|  |TAMS 0x0000000087400000, 0x0000000087400000| Untracked 
|  81|0x0000000087500000, 0x0000000087500000, 0x0000000087600000|  0%| F|  |TAMS 0x0000000087500000, 0x0000000087500000| Untracked 
|  82|0x0000000087600000, 0x0000000087600000, 0x0000000087700000|  0%| F|  |TAMS 0x0000000087600000, 0x0000000087600000| Untracked 
|  83|0x0000000087700000, 0x0000000087700000, 0x0000000087800000|  0%| F|  |TAMS 0x0000000087700000, 0x0000000087700000| Untracked 
|  84|0x0000000087800000, 0x0000000087800000, 0x0000000087900000|  0%| F|  |TAMS 0x0000000087800000, 0x0000000087800000| Untracked 
|  85|0x0000000087900000, 0x0000000087900000, 0x0000000087a00000|  0%| F|  |TAMS 0x0000000087900000, 0x0000000087900000| Untracked 
|  86|0x0000000087a00000, 0x0000000087a00000, 0x0000000087b00000|  0%| F|  |TAMS 0x0000000087a00000, 0x0000000087a00000| Untracked 
|  87|0x0000000087b00000, 0x0000000087b00000, 0x0000000087c00000|  0%| F|  |TAMS 0x0000000087b00000, 0x0000000087b00000| Untracked 
|  88|0x0000000087c00000, 0x0000000087c00000, 0x0000000087d00000|  0%| F|  |TAMS 0x0000000087c00000, 0x0000000087c00000| Untracked 
|  89|0x0000000087d00000, 0x0000000087d00000, 0x0000000087e00000|  0%| F|  |TAMS 0x0000000087d00000, 0x0000000087d00000| Untracked 
|  90|0x0000000087e00000, 0x0000000087e00000, 0x0000000087f00000|  0%| F|  |TAMS 0x0000000087e00000, 0x0000000087e00000| Untracked 
|  91|0x0000000087f00000, 0x0000000087f00000, 0x0000000088000000|  0%| F|  |TAMS 0x0000000087f00000, 0x0000000087f00000| Untracked 
|  92|0x0000000088000000, 0x0000000088000000, 0x0000000088100000|  0%| F|  |TAMS 0x0000000088000000, 0x0000000088000000| Untracked 
|  93|0x0000000088100000, 0x0000000088100000, 0x0000000088200000|  0%| F|  |TAMS 0x0000000088100000, 0x0000000088100000| Untracked 
|  94|0x0000000088200000, 0x0000000088200000, 0x0000000088300000|  0%| F|  |TAMS 0x0000000088200000, 0x0000000088200000| Untracked 
|  95|0x0000000088300000, 0x0000000088300000, 0x0000000088400000|  0%| F|  |TAMS 0x0000000088300000, 0x0000000088300000| Untracked 
|  96|0x0000000088400000, 0x0000000088400000, 0x0000000088500000|  0%| F|  |TAMS 0x0000000088400000, 0x0000000088400000| Untracked 
|  97|0x0000000088500000, 0x0000000088500000, 0x0000000088600000|  0%| F|  |TAMS 0x0000000088500000, 0x0000000088500000| Untracked 
|  98|0x0000000088600000, 0x0000000088600000, 0x0000000088700000|  0%| F|  |TAMS 0x0000000088600000, 0x0000000088600000| Untracked 
|  99|0x0000000088700000, 0x0000000088700000, 0x0000000088800000|  0%| F|  |TAMS 0x0000000088700000, 0x0000000088700000| Untracked 
| 100|0x0000000088800000, 0x0000000088800000, 0x0000000088900000|  0%| F|  |TAMS 0x0000000088800000, 0x0000000088800000| Untracked 
| 101|0x0000000088900000, 0x0000000088900000, 0x0000000088a00000|  0%| F|  |TAMS 0x0000000088900000, 0x0000000088900000| Untracked 
| 102|0x0000000088a00000, 0x0000000088a00000, 0x0000000088b00000|  0%| F|  |TAMS 0x0000000088a00000, 0x0000000088a00000| Untracked 
| 103|0x0000000088b00000, 0x0000000088b00000, 0x0000000088c00000|  0%| F|  |TAMS 0x0000000088b00000, 0x0000000088b00000| Untracked 
| 104|0x0000000088c00000, 0x0000000088c00000, 0x0000000088d00000|  0%| F|  |TAMS 0x0000000088c00000, 0x0000000088c00000| Untracked 
| 105|0x0000000088d00000, 0x0000000088d00000, 0x0000000088e00000|  0%| F|  |TAMS 0x0000000088d00000, 0x0000000088d00000| Untracked 
| 106|0x0000000088e00000, 0x0000000088e00000, 0x0000000088f00000|  0%| F|  |TAMS 0x0000000088e00000, 0x0000000088e00000| Untracked 
| 107|0x0000000088f00000, 0x0000000088f00000, 0x0000000089000000|  0%| F|  |TAMS 0x0000000088f00000, 0x0000000088f00000| Untracked 
| 108|0x0000000089000000, 0x0000000089000000, 0x0000000089100000|  0%| F|  |TAMS 0x0000000089000000, 0x0000000089000000| Untracked 
| 109|0x0000000089100000, 0x0000000089100000, 0x0000000089200000|  0%| F|  |TAMS 0x0000000089100000, 0x0000000089100000| Untracked 
| 110|0x0000000089200000, 0x0000000089200000, 0x0000000089300000|  0%| F|  |TAMS 0x0000000089200000, 0x0000000089200000| Untracked 
| 111|0x0000000089300000, 0x0000000089380800, 0x0000000089400000| 50%| E|  |TAMS 0x0000000089300000, 0x0000000089300000| Complete 
| 112|0x0000000089400000, 0x0000000089500000, 0x0000000089500000|100%| E|CS|TAMS 0x0000000089400000, 0x0000000089400000| Complete 
| 113|0x0000000089500000, 0x0000000089600000, 0x0000000089600000|100%| E|CS|TAMS 0x0000000089500000, 0x0000000089500000| Complete 
| 114|0x0000000089600000, 0x0000000089700000, 0x0000000089700000|100%| E|CS|TAMS 0x0000000089600000, 0x0000000089600000| Complete 
| 115|0x0000000089700000, 0x0000000089800000, 0x0000000089800000|100%| E|CS|TAMS 0x0000000089700000, 0x0000000089700000| Complete 
| 116|0x0000000089800000, 0x0000000089900000, 0x0000000089900000|100%| E|CS|TAMS 0x0000000089800000, 0x0000000089800000| Complete 
| 117|0x0000000089900000, 0x0000000089a00000, 0x0000000089a00000|100%| E|CS|TAMS 0x0000000089900000, 0x0000000089900000| Complete 
| 118|0x0000000089a00000, 0x0000000089b00000, 0x0000000089b00000|100%| E|CS|TAMS 0x0000000089a00000, 0x0000000089a00000| Complete 
| 119|0x0000000089b00000, 0x0000000089c00000, 0x0000000089c00000|100%| E|CS|TAMS 0x0000000089b00000, 0x0000000089b00000| Complete 
| 120|0x0000000089c00000, 0x0000000089d00000, 0x0000000089d00000|100%| E|CS|TAMS 0x0000000089c00000, 0x0000000089c00000| Complete 
| 121|0x0000000089d00000, 0x0000000089e00000, 0x0000000089e00000|100%| E|CS|TAMS 0x0000000089d00000, 0x0000000089d00000| Complete 
| 122|0x0000000089e00000, 0x0000000089f00000, 0x0000000089f00000|100%| E|CS|TAMS 0x0000000089e00000, 0x0000000089e00000| Complete 
| 123|0x0000000089f00000, 0x000000008a000000, 0x000000008a000000|100%| E|CS|TAMS 0x0000000089f00000, 0x0000000089f00000| Complete 
| 124|0x000000008a000000, 0x000000008a100000, 0x000000008a100000|100%| E|CS|TAMS 0x000000008a000000, 0x000000008a000000| Complete 
| 125|0x000000008a100000, 0x000000008a200000, 0x000000008a200000|100%| E|CS|TAMS 0x000000008a100000, 0x000000008a100000| Complete 

Card table byte_map: [0x000002afd48b0000,0x000002afd4ca0000] _byte_map_base: 0x000002afd449e000

Marking Bits (Prev, Next): (CMBitMap*) 0x000002afbdafcf20, (CMBitMap*) 0x000002afbdafcee8
 Prev Bits: [0x000002afd7000000, 0x000002afd8f70000)
 Next Bits: [0x000002afd5090000, 0x000002afd7000000)

Polling page: 0x000002afbbaa0000

Metaspace:

Usage:
  Non-class:     25.78 MB capacity,    25.22 MB ( 98%) used,   468.34 KB (  2%) free+waste,   100.75 KB ( <1%) overhead. 
      Class:      3.66 MB capacity,     3.29 MB ( 90%) used,   328.18 KB (  9%) free+waste,    52.50 KB (  1%) overhead. 
       Both:     29.43 MB capacity,    28.51 MB ( 97%) used,   796.52 KB (  3%) free+waste,   153.25 KB ( <1%) overhead. 

Virtual space:
  Non-class space:       26.00 MB reserved,      26.00 MB (100%) committed 
      Class space:        1.00 GB reserved,       3.75 MB ( <1%) committed 
             Both:        1.03 GB reserved,      29.75 MB (  3%) committed 

Chunk freelists:
   Non-Class:  4.62 KB
       Class:  0 bytes
        Both:  4.62 KB

CodeHeap 'non-profiled nmethods': size=120000Kb used=1204Kb max_used=1204Kb free=118796Kb
 bounds [0x000002afccc60000, 0x000002afcced0000, 0x000002afd4190000]
CodeHeap 'profiled nmethods': size=120000Kb used=6471Kb max_used=6471Kb free=113528Kb
 bounds [0x000002afc5730000, 0x000002afc5d90000, 0x000002afccc60000]
CodeHeap 'non-nmethods': size=5760Kb used=1156Kb max_used=1182Kb free=4603Kb
 bounds [0x000002afc5190000, 0x000002afc5400000, 0x000002afc5730000]
 total_blobs=3383 nmethods=2886 adapters=408
 compilation: enabled
              stopped_count=0, restarted_count=0
 full_count=0

Compilation events (10 events):
Event: 6.789 Thread 0x000002afdc347800 2877       3       com.google.common.collect.CollectPreconditions::checkEntryNotNull (68 bytes)
Event: 6.791 Thread 0x000002afdc347800 nmethod 2877 0x000002afc5d67110 code [0x000002afc5d67480, 0x000002afc5d68888]
Event: 6.791 Thread 0x000002afdc347800 2878       3       java.lang.Class::searchMethods (104 bytes)
Event: 6.791 Thread 0x000002afdc347800 nmethod 2878 0x000002afc5d68f10 code [0x000002afc5d69160, 0x000002afc5d69b98]
Event: 6.799 Thread 0x000002afdc342000 nmethod 2787% 0x000002afccd85110 code [0x000002afccd854e0, 0x000002afccd89a28]
Event: 6.799 Thread 0x000002afdc342000 2871       4       jdk.internal.org.objectweb.asm.ClassWriter::newStringishItem (68 bytes)
Event: 6.813 Thread 0x000002afdc342000 nmethod 2871 0x000002afccd8bc10 code [0x000002afccd8bde0, 0x000002afccd8caa8]
Event: 6.813 Thread 0x000002afdc342000 2879       4       jdk.internal.loader.URLClassPath::getResource (74 bytes)
Event: 6.844 Thread 0x000002afdc347800 2880       3       com.google.common.base.Preconditions::checkArgument (13 bytes)
Event: 6.844 Thread 0x000002afdc347800 nmethod 2880 0x000002afc5d69f90 code [0x000002afc5d6a140, 0x000002afc5d6a308]

GC Heap History (8 events):
Event: 1.031 GC heap before
{Heap before GC invocations=0 (full 0):
 garbage-first heap   total 129024K, used 25600K [0x0000000082400000, 0x0000000100000000)
  region size 1024K, 24 young (24576K), 0 survivors (0K)
 Metaspace       used 13706K, capacity 14080K, committed 14208K, reserved 1062912K
  class space    used 1404K, capacity 1542K, committed 1664K, reserved 1048576K
}
Event: 1.036 GC heap after
{Heap after GC invocations=1 (full 0):
 garbage-first heap   total 129024K, used 6107K [0x0000000082400000, 0x0000000100000000)
  region size 1024K, 3 young (3072K), 3 survivors (3072K)
 Metaspace       used 13706K, capacity 14080K, committed 14208K, reserved 1062912K
  class space    used 1404K, capacity 1542K, committed 1664K, reserved 1048576K
}
Event: 1.614 GC heap before
{Heap before GC invocations=1 (full 0):
 garbage-first heap   total 129024K, used 26587K [0x0000000082400000, 0x0000000100000000)
  region size 1024K, 23 young (23552K), 3 survivors (3072K)
 Metaspace       used 18250K, capacity 18874K, committed 19200K, reserved 1067008K
  class space    used 1959K, capacity 2232K, committed 2304K, reserved 1048576K
}
Event: 1.621 GC heap after
{Heap after GC invocations=2 (full 0):
 garbage-first heap   total 129024K, used 8455K [0x0000000082400000, 0x0000000100000000)
  region size 1024K, 3 young (3072K), 3 survivors (3072K)
 Metaspace       used 18250K, capacity 18874K, committed 19200K, reserved 1067008K
  class space    used 1959K, capacity 2232K, committed 2304K, reserved 1048576K
}
Event: 1.961 GC heap before
{Heap before GC invocations=2 (full 0):
 garbage-first heap   total 129024K, used 21767K [0x0000000082400000, 0x0000000100000000)
  region size 1024K, 17 young (17408K), 3 survivors (3072K)
 Metaspace       used 20456K, capacity 21122K, committed 21248K, reserved 1069056K
  class space    used 2221K, capacity 2470K, committed 2560K, reserved 1048576K
}
Event: 1.966 GC heap after
{Heap after GC invocations=3 (full 0):
 garbage-first heap   total 129024K, used 10234K [0x0000000082400000, 0x0000000100000000)
  region size 1024K, 4 young (4096K), 4 survivors (4096K)
 Metaspace       used 20456K, capacity 21122K, committed 21248K, reserved 1069056K
  class space    used 2221K, capacity 2470K, committed 2560K, reserved 1048576K
}
Event: 5.802 GC heap before
{Heap before GC invocations=4 (full 0):
 garbage-first heap   total 129024K, used 80890K [0x0000000082400000, 0x0000000100000000)
  region size 1024K, 61 young (62464K), 4 survivors (4096K)
 Metaspace       used 26340K, capacity 27107K, committed 27392K, reserved 1073152K
  class space    used 2942K, capacity 3272K, committed 3328K, reserved 1048576K
}
Event: 5.811 GC heap after
{Heap after GC invocations=5 (full 0):
 garbage-first heap   total 129024K, used 15271K [0x0000000082400000, 0x0000000100000000)
  region size 1024K, 8 young (8192K), 8 survivors (8192K)
 Metaspace       used 26340K, capacity 27107K, committed 27392K, reserved 1073152K
  class space    used 2942K, capacity 3272K, committed 3328K, reserved 1048576K
}

Deoptimization events (10 events):
Event: 2.990 Thread 0x000002afbdabe800 Uncommon trap: reason=unstable_if action=reinterpret pc=0x000002afccd4aa28 method=com.google.gson.stream.JsonReader.peek()Lcom/google/gson/stream/JsonToken; @ 15 c2
Event: 3.012 Thread 0x000002afbdabe800 Uncommon trap: reason=unstable_if action=reinterpret pc=0x000002afccd37ff8 method=java.util.Formatter$Conversion.isGeneral(C)Z @ 1 c2
Event: 5.737 Thread 0x000002afbdabe800 Uncommon trap: reason=unstable_if action=reinterpret pc=0x000002afccd5f73c method=java.net.URLStreamHandler.parseURL(Ljava/net/URL;Ljava/lang/String;II)V @ 698 c2
Event: 5.818 Thread 0x000002afdb9e8000 Uncommon trap: reason=unstable_if action=reinterpret pc=0x000002afccd73634 method=com.sun.crypto.provider.GaloisCounterMode.decryptFinal([BII[BI)I @ 5 c2
Event: 5.855 Thread 0x000002afbdabe800 Uncommon trap: reason=unstable_if action=reinterpret pc=0x000002afcccc3008 method=java.lang.String.replace(CC)Ljava/lang/String; @ 2 c2
Event: 6.727 Thread 0x000002afbdabe800 Uncommon trap: reason=unstable_if action=reinterpret pc=0x000002afccd382b4 method=java.util.Formatter$Conversion.isInteger(C)Z @ 1 c2
Event: 6.783 Thread 0x000002afbdabe800 Uncommon trap: reason=bimorphic_or_optimized_type_check action=maybe_recompile pc=0x000002afccd1bc50 method=java.util.regex.Pattern$Begin.match(Ljava/util/regex/Matcher;ILjava/lang/CharSequence;)Z @ 30 c2
Event: 6.783 Thread 0x000002afbdabe800 Uncommon trap: reason=bimorphic_or_optimized_type_check action=maybe_recompile pc=0x000002afccd1bc50 method=java.util.regex.Pattern$Begin.match(Ljava/util/regex/Matcher;ILjava/lang/CharSequence;)Z @ 30 c2
Event: 6.789 Thread 0x000002afbdabe800 Uncommon trap: reason=bimorphic_or_optimized_type_check action=maybe_recompile pc=0x000002afccd1bc50 method=java.util.regex.Pattern$Begin.match(Ljava/util/regex/Matcher;ILjava/lang/CharSequence;)Z @ 30 c2
Event: 6.789 Thread 0x000002afbdabe800 Uncommon trap: reason=bimorphic_or_optimized_type_check action=maybe_recompile pc=0x000002afccd1bc50 method=java.util.regex.Pattern$Begin.match(Ljava/util/regex/Matcher;ILjava/lang/CharSequence;)Z @ 30 c2

Classes redefined (0 events):
No events

Internal exceptions (10 events):
Event: 5.919 Thread 0x000002afdd3fa000 Exception <a 'java/net/ConnectException'{0x0000000089e89f38}: Connection refused: connect> (0x0000000089e89f38) thrown at [./open/src/hotspot/share/prims/jni.cpp, line 632]
Event: 5.967 Thread 0x000002afdd3fa000 Exception <a 'java/net/ConnectException'{0x0000000089e8aeb8}: Connection refused: connect> (0x0000000089e8aeb8) thrown at [./open/src/hotspot/share/prims/jni.cpp, line 632]
Event: 6.030 Thread 0x000002afdd3fa000 Exception <a 'java/net/ConnectException'{0x0000000089e8be38}: Connection refused: connect> (0x0000000089e8be38) thrown at [./open/src/hotspot/share/prims/jni.cpp, line 632]
Event: 6.126 Thread 0x000002afdd3fa000 Exception <a 'java/net/ConnectException'{0x0000000089e8cdb8}: Connection refused: connect> (0x0000000089e8cdb8) thrown at [./open/src/hotspot/share/prims/jni.cpp, line 632]
Event: 6.312 Thread 0x000002afdd3fa000 Exception <a 'java/net/ConnectException'{0x0000000089e8dd38}: Connection refused: connect> (0x0000000089e8dd38) thrown at [./open/src/hotspot/share/prims/jni.cpp, line 632]
Event: 6.685 Thread 0x000002afbdabe800 Exception <a 'java/lang/IncompatibleClassChangeError'{0x0000000089db30e0}: Found class java.lang.Object, but interface was expected> (0x0000000089db30e0) thrown at [./open/src/hotspot/share/interpreter/linkResolver.cpp, line 838]
Event: 6.687 Thread 0x000002afbdabe800 Exception <a 'java/lang/NoSuchMethodError'{0x0000000089dbcdc8}: java.lang.invoke.DirectMethodHandle$Holder.invokeInterface(Ljava/lang/Object;Ljava/lang/Object;Ljava/lang/Object;Ljava/lang/Object;)Ljava/lang/Object;> (0x0000000089dbcdc8) thrown at [./open/
Event: 6.715 Thread 0x000002afbdabe800 Exception <a 'java/lang/NoSuchMethodError'{0x0000000089cea228}: java.lang.invoke.DirectMethodHandle$Holder.invokeVirtual(Ljava/lang/Object;Ljava/lang/Object;)D> (0x0000000089cea228) thrown at [./open/src/hotspot/share/interpreter/linkResolver.cpp, line 77
Event: 6.716 Thread 0x000002afbdabe800 Exception <a 'java/lang/NoSuchMethodError'{0x0000000089cf0260}: java.lang.invoke.DirectMethodHandle$Holder.invokeVirtual(Ljava/lang/Object;Ljava/lang/Object;)F> (0x0000000089cf0260) thrown at [./open/src/hotspot/share/interpreter/linkResolver.cpp, line 77
Event: 6.716 Thread 0x000002afbdabe800 Exception <a 'java/lang/NoSuchMethodError'{0x0000000089cf8a40}: java.lang.invoke.DirectMethodHandle$Holder.invokeVirtual(Ljava/lang/Object;Ljava/lang/Object;)J> (0x0000000089cf8a40) thrown at [./open/src/hotspot/share/interpreter/linkResolver.cpp, line 77

Events (10 events):
Event: 6.850 loading class okhttp3/Request$Builder
Event: 6.850 loading class okhttp3/Request$Builder done
Event: 6.851 loading class okhttp3/Headers$Builder
Event: 6.851 loading class okhttp3/Headers$Builder done
Event: 6.851 loading class okhttp3/HttpUrl
Event: 6.851 loading class okhttp3/HttpUrl done
Event: 6.852 loading class okhttp3/HttpUrl$Builder
Event: 6.852 loading class okhttp3/HttpUrl$Builder done
Event: 6.854 loading class com/google/common/collect/AbstractMapBasedMultimap$KeySet
Event: 6.854 loading class com/google/common/collect/AbstractMapBasedMultimap$KeySet done


Dynamic libraries:
0x00007ff662570000 - 0x00007ff662580000 	C:\Program Files\Java\jdk-11\bin\javaw.exe
0x00007fff08530000 - 0x00007fff08746000 	C:\WINDOWS\SYSTEM32\ntdll.dll
0x00007fff07ec0000 - 0x00007fff07f84000 	C:\WINDOWS\System32\KERNEL32.DLL
0x00007fff05eb0000 - 0x00007fff06257000 	C:\WINDOWS\System32\KERNELBASE.dll
0x00007fff05bf0000 - 0x00007fff05d01000 	C:\WINDOWS\System32\ucrtbase.dll
0x00007ffeee620000 - 0x00007ffeee639000 	C:\Program Files\Java\jdk-11\bin\jli.dll
0x00007ffeee440000 - 0x00007ffeee45b000 	C:\Program Files\Java\jdk-11\bin\VCRUNTIME140.dll
0x00007fff06790000 - 0x00007fff06842000 	C:\WINDOWS\System32\ADVAPI32.dll
0x00007fff072a0000 - 0x00007fff07347000 	C:\WINDOWS\System32\msvcrt.dll
0x00007fff07c20000 - 0x00007fff07cc8000 	C:\WINDOWS\System32\sechost.dll
0x00007fff05940000 - 0x00007fff05968000 	C:\WINDOWS\System32\bcrypt.dll
0x00007fff08220000 - 0x00007fff08335000 	C:\WINDOWS\System32\RPCRT4.dll
0x00007fff070e0000 - 0x00007fff0728e000 	C:\WINDOWS\System32\USER32.dll
0x00007fff05d10000 - 0x00007fff05d36000 	C:\WINDOWS\System32\win32u.dll
0x00007fff06f40000 - 0x00007fff06f69000 	C:\WINDOWS\System32\GDI32.dll
0x00007ffee7b50000 - 0x00007ffee7de3000 	C:\WINDOWS\WinSxS\amd64_microsoft.windows.common-controls_6595b64144ccf1df_6.0.22621.3235_none_270f74e173860f98\COMCTL32.dll
0x00007fff05970000 - 0x00007fff05a89000 	C:\WINDOWS\System32\gdi32full.dll
0x00007fff05a90000 - 0x00007fff05b2a000 	C:\WINDOWS\System32\msvcp_win.dll
0x00007ffef67a0000 - 0x00007ffef67aa000 	C:\WINDOWS\SYSTEM32\VERSION.dll
0x00007fff07e80000 - 0x00007fff07eb1000 	C:\WINDOWS\System32\IMM32.DLL
0x00007ffef0780000 - 0x00007ffef078c000 	C:\Program Files\Java\jdk-11\bin\vcruntime140_1.dll
0x00007ffec1d90000 - 0x00007ffec1e1e000 	C:\Program Files\Java\jdk-11\bin\msvcp140.dll
0x00007ffe61e40000 - 0x00007ffe629ad000 	C:\Program Files\Java\jdk-11\bin\server\jvm.dll
0x00007fff07c10000 - 0x00007fff07c18000 	C:\WINDOWS\System32\PSAPI.DLL
0x00007ffee9070000 - 0x00007ffee9079000 	C:\WINDOWS\SYSTEM32\WSOCK32.dll
0x00007ffefba00000 - 0x00007ffefba34000 	C:\WINDOWS\SYSTEM32\WINMM.dll
0x00007fff06700000 - 0x00007fff06771000 	C:\WINDOWS\System32\WS2_32.dll
0x00007fff04850000 - 0x00007fff04868000 	C:\WINDOWS\SYSTEM32\kernel.appcore.dll
0x00007ffef02b0000 - 0x00007ffef02c0000 	C:\Program Files\Java\jdk-11\bin\verify.dll
0x00007fff03060000 - 0x00007fff03293000 	C:\WINDOWS\SYSTEM32\DBGHELP.DLL
0x00007fff06850000 - 0x00007fff06bd8000 	C:\WINDOWS\System32\combase.dll
0x00007fff07000000 - 0x00007fff070d7000 	C:\WINDOWS\System32\OLEAUT32.dll
0x00007ffee4730000 - 0x00007ffee4762000 	C:\WINDOWS\SYSTEM32\dbgcore.DLL
0x00007fff05850000 - 0x00007fff058c9000 	C:\WINDOWS\System32\bcryptPrimitives.dll
0x00007ffee9a80000 - 0x00007ffee9aa8000 	C:\Program Files\Java\jdk-11\bin\java.dll
0x00007ffeefdb0000 - 0x00007ffeefdba000 	C:\Program Files\Java\jdk-11\bin\jimage.dll
0x00007ffeed260000 - 0x00007ffeed277000 	C:\Program Files\Java\jdk-11\bin\zip.dll
0x00007fff07350000 - 0x00007fff07bac000 	C:\WINDOWS\System32\SHELL32.dll
0x00007fff03760000 - 0x00007fff04059000 	C:\WINDOWS\SYSTEM32\windows.storage.dll
0x00007fff03620000 - 0x00007fff0375e000 	C:\WINDOWS\SYSTEM32\wintypes.dll
0x00007fff06e40000 - 0x00007fff06f33000 	C:\WINDOWS\System32\SHCORE.dll
0x00007fff08150000 - 0x00007fff081ae000 	C:\WINDOWS\System32\shlwapi.dll
0x00007fff05780000 - 0x00007fff057a1000 	C:\WINDOWS\SYSTEM32\profapi.dll
0x00007ffee4710000 - 0x00007ffee4729000 	C:\Program Files\Java\jdk-11\bin\net.dll
0x00007ffefe540000 - 0x00007ffefe676000 	C:\WINDOWS\SYSTEM32\WINHTTP.dll
0x00007fff04cb0000 - 0x00007fff04d19000 	C:\WINDOWS\system32\mswsock.dll
0x00007ffedf660000 - 0x00007ffedf672000 	C:\Program Files\Java\jdk-11\bin\nio.dll
0x00007fff04f50000 - 0x00007fff04f6b000 	C:\WINDOWS\SYSTEM32\CRYPTSP.dll
0x00007fff047b0000 - 0x00007fff047e5000 	C:\WINDOWS\system32\rsaenh.dll
0x00007fff04d50000 - 0x00007fff04d78000 	C:\WINDOWS\SYSTEM32\USERENV.dll
0x00007fff04eb0000 - 0x00007fff04ebc000 	C:\WINDOWS\SYSTEM32\CRYPTBASE.dll
0x00007fff04300000 - 0x00007fff0432d000 	C:\WINDOWS\SYSTEM32\IPHLPAPI.DLL
0x00007fff07290000 - 0x00007fff07299000 	C:\WINDOWS\System32\NSI.dll
0x00007ffefe960000 - 0x00007ffefe979000 	C:\WINDOWS\SYSTEM32\dhcpcsvc6.DLL
0x00007ffefe2d0000 - 0x00007ffefe2ef000 	C:\WINDOWS\SYSTEM32\dhcpcsvc.DLL
0x00007fff04330000 - 0x00007fff04429000 	C:\WINDOWS\SYSTEM32\DNSAPI.dll
0x00007ffeefc90000 - 0x00007ffeefc9e000 	C:\Program Files\Java\jdk-11\bin\sunmscapi.dll
0x00007fff05d40000 - 0x00007fff05ea7000 	C:\WINDOWS\System32\CRYPT32.dll
0x00007fff05100000 - 0x00007fff0512e000 	C:\WINDOWS\SYSTEM32\ncrypt.dll
0x00007fff05070000 - 0x00007fff050a7000 	C:\WINDOWS\SYSTEM32\NTASN1.dll
0x00007ffed8060000 - 0x00007ffed8087000 	C:\Program Files\Java\jdk-11\bin\sunec.dll
0x0000000050b50000 - 0x0000000050b76000 	C:\Program Files\Bonjour\mdnsNSP.dll
0x00007ffefdfa0000 - 0x00007ffefdfaa000 	C:\Windows\System32\rasadhlp.dll
0x00007ffefd630000 - 0x00007ffefd6b3000 	C:\WINDOWS\System32\fwpuclnt.dll

dbghelp: loaded successfully - version: 4.0.5 - missing functions: none
symbol engine: initialized successfully - sym options: 0x614 - pdb path: .;C:\Program Files\Java\jdk-11\bin;C:\WINDOWS\SYSTEM32;C:\WINDOWS\WinSxS\amd64_microsoft.windows.common-controls_6595b64144ccf1df_6.0.22621.3235_none_270f74e173860f98;C:\Program Files\Java\jdk-11\bin\server;C:\Program Files\Bonjour

VM Arguments:
jvm_args: -ea -Dfile.encoding=UTF-8 -Dstdout.encoding=UTF-8 -Dstderr.encoding=UTF-8 
java_command: org.eclipse.jdt.internal.junit.runner.RemoteTestRunner -version 3 -port 49715 -testLoaderClass org.eclipse.jdt.internal.junit5.runner.JUnit5TestLoader -loaderpluginname org.eclipse.jdt.junit5.runtime -classNames com.adactin.runner.Runner
java_class_path (initial): C:\Users\Tony\eclipse-workspace1\Cucumber\target\test-classes;C:\Users\Tony\eclipse-workspace1\Cucumber\target\classes;C:\Users\Tony\.p2\pool\plugins\junit-jupiter-api_5.10.2.jar;C:\Users\Tony\.p2\pool\plugins\junit-jupiter-engine_5.10.2.jar;C:\Users\Tony\.p2\pool\plugins\junit-jupiter-migrationsupport_5.10.2.jar;C:\Users\Tony\.p2\pool\plugins\junit-jupiter-params_5.10.2.jar;C:\Users\Tony\.p2\pool\plugins\junit-platform-commons_1.10.2.jar;C:\Users\Tony\.p2\pool\plugins\junit-platform-engine_1.10.2.jar;C:\Users\Tony\.p2\pool\plugins\junit-platform-launcher_1.10.2.jar;C:\Users\Tony\.p2\pool\plugins\junit-platform-runner_1.10.2.jar;C:\Users\Tony\.p2\pool\plugins\junit-platform-suite-api_1.10.2.jar;C:\Users\Tony\.p2\pool\plugins\junit-platform-suite-engine_1.10.2.jar;C:\Users\Tony\.p2\pool\plugins\junit-platform-suite-commons_1.10.2.jar;C:\Users\Tony\.p2\pool\plugins\junit-vintage-engine_5.10.2.jar;C:\Users\Tony\.p2\pool\plugins\org.opentest4j_1.3.0.jar;C:\Users\Tony\.p2\pool\plugins\org.apiguardian.api_1.1.2.jar;C:\Users\Tony\.p2\pool\plugins\org.junit_4.13.2.v20230809-1000.jar;C:\Users\Tony\.p2\pool\plugins\org.hamcrest_2.2.0.jar;C:\Users\Tony\.p2\pool\plugins\org.hamcrest.core_2.2.0.v20230809-1000.jar;C:\Users\Tony\.m2\repository\org\junit\jupiter\junit-jupiter-engine\5.7.1\junit-jupiter-engine-5.7.1.jar;C:\Users\Tony\.m2\repository\org\apiguardian\apiguardian-api\1.1.0\apiguardian-api-1.1.0.jar;C:\Users\Tony\.m2\repository\org\junit\platform\junit-platform-engine\1.7.1\junit-platform-engine-1.7.1.jar;C:\Users\Tony\.m2\repository\org\opentest4j\opentest4j\1.2.0\opentest4j-1.2.0.jar;C:\Users\Tony\.m2\repository\org\junit\platform\junit-platform-commons\1.7.1\junit-platform-commons-1.7.1.jar;C:\Users\Tony\.m2\repository\org\junit\jupiter\junit-jupiter-api\5.7.1\junit-jupiter-api-5.7.1.jar;C:\Users\Tony\.m2\repository\org\junit\jupiter\junit-jupiter-params\5.7.1\junit-jupiter-params-5.7.1.jar;C:\Users\Tony\.m2\repository\org\seleniumhq\selen
Launcher Type: SUN_STANDARD

[Global flags]
     intx CICompilerCount                          = 4                                         {product} {ergonomic}
     uint ConcGCThreads                            = 2                                         {product} {ergonomic}
     uint G1ConcRefinementThreads                  = 8                                         {product} {ergonomic}
   size_t G1HeapRegionSize                         = 1048576                                   {product} {ergonomic}
    uintx GCDrainStackTargetSize                   = 64                                        {product} {ergonomic}
   size_t InitialHeapSize                          = 132120576                                 {product} {ergonomic}
   size_t MarkStackSize                            = 4194304                                   {product} {ergonomic}
   size_t MaxHeapSize                              = 2109734912                                {product} {ergonomic}
   size_t MaxNewSize                               = 1265631232                                {product} {ergonomic}
   size_t MinHeapDeltaBytes                        = 1048576                                   {product} {ergonomic}
    uintx NonNMethodCodeHeapSize                   = 5836300                                {pd product} {ergonomic}
    uintx NonProfiledCodeHeapSize                  = 122910970                              {pd product} {ergonomic}
    uintx ProfiledCodeHeapSize                     = 122910970                              {pd product} {ergonomic}
    uintx ReservedCodeCacheSize                    = 251658240                              {pd product} {ergonomic}
     bool SegmentedCodeCache                       = true                                      {product} {ergonomic}
     bool UseCompressedClassPointers               = true                                 {lp64_product} {ergonomic}
     bool UseCompressedOops                        = true                                 {lp64_product} {ergonomic}
     bool UseG1GC                                  = true                                      {product} {ergonomic}
     bool UseLargePagesIndividualAllocation        = false                                  {pd product} {ergonomic}

Logging:
Log output configuration:
 #0: stdout all=warning uptime,level,tags
 #1: stderr all=off uptime,level,tags

Environment Variables:
PATH=C:/Users/Tony/.p2/pool/plugins/org.eclipse.justj.openjdk.hotspot.jre.full.win32.x86_64_17.0.10.v20240120-1143/jre/bin/server;C:/Users/Tony/.p2/pool/plugins/org.eclipse.justj.openjdk.hotspot.jre.full.win32.x86_64_17.0.10.v20240120-1143/jre/bin;C:\Python312\Scripts\;C:\Python312\;C:\Program Files\Common Files\Oracle\Java\javapath;C:\WINDOWS\system32;C:\WINDOWS;C:\WINDOWS\System32\Wbem;C:\WINDOWS\System32\WindowsPowerShell\v1.0\;C:\WINDOWS\System32\OpenSSH\;C:\Program Files\Intel\WiFi\bin\;C:\Program Files\Common Files\Intel\WirelessCommon\;C:\Program Files\dotnet\;C:\Program Files\nodejs\;C:\ProgramData\chocolatey\bin;C:\Users\Tony\AppData\Roaming\.dotnet;C:\Users\Tony\AppData\Local\Microsoft\WindowsApps;;C:\Users\Tony\AppData\Local\Programs\Microsoft VS Code\bin;C:\Users\Tony\.dotnet\tools;C:\Users\Tony\AppData\Roaming\npm;C:\Users\Tony\Desktop;
USERNAME=Tony
OS=Windows_NT
PROCESSOR_IDENTIFIER=Intel64 Family 6 Model 142 Stepping 12, GenuineIntel



---------------  S Y S T E M  ---------------

OS: Windows 11 , 64 bit Build 22621 (10.0.22621.3374)
Hyper-V role detected

CPU:total 8 (initial active 8) (4 cores per cpu, 2 threads per core) family 6 model 142 stepping 12 microcode 0xde, cmov, cx8, fxsr, mmx, sse, sse2, sse3, ssse3, sse4.1, sse4.2, popcnt, avx, avx2, aes, clmul, erms, 3dnowpref, lzcnt, ht, tsc, tscinvbit, bmi1, bmi2, adx, fma

Memory: 4k page, system-wide physical 8043M (505M free)
TotalPageFile size 10091M (AvailPageFile size 5M)
current process WorkingSet (physical memory assigned to process): 179M, peak: 180M
current process commit charge ("private bytes"): 264M, peak: 265M

vm_info: Java HotSpot(TM) 64-Bit Server VM (11.0.21+9-LTS-193) for windows-amd64 JRE (11.0.21+9-LTS-193), built on Sep 13 2023 11:04:38 by "mach5one" with MS VC++ 17.1 (VS2022)

END.
